<?xml version="1.0" encoding="utf-8"?><testsuites name="pytest tests"><testsuite name="pytest" errors="0" failures="0" skipped="0" tests="4" time="1.775" timestamp="2026-06-27T14:30:13.685863+00:00" hostname="agent-env-01392761-0b48-49c7-9559-b86dabbc1563"><testcase classname="tests.test_friends_e2e_someone_bug" name="test_friend_request_displays_correct_name_then_cascade_on_delete" time="0.712" /><testcase classname="tests.test_friends_e2e_someone_bug" name="test_normal_accept_flow_still_works_with_correct_names" time="0.560" /><testcase classname="tests.test_friend_orphan_cleanup" name="test_hard_delete_cascades_friendships" time="0.335" /><testcase classname="tests.test_friend_orphan_cleanup" name="test_get_friends_garbage_collects_orphans" time="0.015" /></testsuite></testsuites>