<?xml version="1.0" encoding="utf-8"?><testsuites name="pytest tests"><testsuite name="pytest" errors="0" failures="0" skipped="0" tests="11" time="5.375" timestamp="2026-06-26T01:11:49.096350+00:00" hostname="agent-env-01392761-0b48-49c7-9559-b86dabbc1563"><testcase classname="tests.test_public_library.TestPublicLibraryAnon" name="test_fake_handle_returns_404" time="2.698" /><testcase classname="tests.test_public_library.TestPublicLibraryAnon" name="test_existing_but_not_opted_in_returns_404" time="0.490" /><testcase classname="tests.test_public_library.TestPublicLibraryAnon" name="test_opted_in_returns_200_no_auth" time="0.656" /><testcase classname="tests.test_public_library.TestPublicLibraryAnon" name="test_infected_books_omitted" time="0.140" /><testcase classname="tests.test_public_library.TestPublicLibraryAnon" name="test_q_filter_case_insensitive" time="0.121" /><testcase classname="tests.test_public_library.TestPublicLibraryAnon" name="test_q_too_short_ignored" time="0.100" /><testcase classname="tests.test_public_library.TestPublicLibraryAnon" name="test_limit_bounds" time="0.197" /><testcase classname="tests.test_public_library.TestVisibilityEndpoint" name="test_get_requires_auth" time="0.102" /><testcase classname="tests.test_public_library.TestVisibilityEndpoint" name="test_put_requires_auth" time="0.135" /><testcase classname="tests.test_public_library.TestVisibilityEndpoint" name="test_default_false_for_new_user" time="0.374" /><testcase classname="tests.test_public_library.TestVisibilityEndpoint" name="test_put_flips_flag" time="0.223" /></testsuite></testsuites>