<?xml version="1.0" encoding="utf-8"?><testsuites name="pytest tests"><testsuite name="pytest" errors="0" failures="0" skipped="0" tests="2" time="0.869" timestamp="2026-07-01T02:12:16.657459+00:00" hostname="agent-env-01392761-0b48-49c7-9559-b86dabbc1563"><testcase classname="tests.test_antivirus_concurrency" name="test_concurrent_scan_cap_holds_under_burst" time="0.845" /><testcase classname="tests.test_antivirus_concurrency" name="test_env_var_tunes_the_cap" time="0.000" /></testsuite></testsuites>