<?xml version="1.0" encoding="utf-8"?><testsuites name="pytest tests"><testsuite name="pytest" errors="0" failures="0" skipped="0" tests="17" time="1.555" timestamp="2026-06-24T20:01:57.869146+00:00" hostname="agent-env-01392761-0b48-49c7-9559-b86dabbc1563"><testcase classname="tests.test_iter37_refactor_regression" name="test_health_ok" time="0.215" /><testcase classname="tests.test_iter37_refactor_regression" name="test_cover_styles_returns_at_least_8" time="0.375" /><testcase classname="tests.test_iter37_refactor_regression" name="test_books_cover_less_shape" time="0.044" /><testcase classname="tests.test_iter37_refactor_regression" name="test_community_covers_featured" time="0.046" /><testcase classname="tests.test_iter37_refactor_regression" name="test_community_covers_browse_with_title" time="0.042" /><testcase classname="tests.test_iter37_refactor_regression" name="test_community_covers_requires_title" time="0.045" /><testcase classname="tests.test_iter37_refactor_regression" name="test_books_routes_still_200[/api/books]" time="0.043" /><testcase classname="tests.test_iter37_refactor_regression" name="test_books_routes_still_200[/api/books/recent]" time="0.053" /><testcase classname="tests.test_iter37_refactor_regression" name="test_books_routes_still_200[/api/books/stats]" time="0.045" /><testcase classname="tests.test_iter37_refactor_regression" name="test_books_routes_still_200[/api/fandoms]" time="0.048" /><testcase classname="tests.test_iter37_refactor_regression" name="test_books_routes_still_200[/api/books/recent-updates]" time="0.042" /><testcase classname="tests.test_iter37_refactor_regression" name="test_users_directory_shape" time="0.051" /><testcase classname="tests.test_iter37_refactor_regression" name="test_users_directory_excludes_requester" time="0.092" /><testcase classname="tests.test_iter37_refactor_regression" name="test_friend_request_idempotent" time="0.142" /><testcase classname="tests.test_iter37_refactor_regression" name="test_suggestions_list_shape" time="0.047" /><testcase classname="tests.test_iter37_refactor_regression" name="test_shipped_suggestions_present" time="0.091" /><testcase classname="tests.test_iter37_refactor_regression" name="test_preview_cover_route_wired" time="0.052" /></testsuite></testsuites>