<?xml version="1.0" encoding="utf-8"?><testsuites name="pytest tests"><testsuite name="pytest" errors="0" failures="0" skipped="0" tests="11" time="1.086" timestamp="2026-07-01T02:12:51.416902+00:00" hostname="agent-env-01392761-0b48-49c7-9559-b86dabbc1563"><testcase classname="tests.test_antivirus_regression" name="test_scan_bytes_shape_and_fail_open" time="0.244" /><testcase classname="tests.test_antivirus_regression" name="test_scan_bytes_empty_returns_ok" time="0.000" /><testcase classname="tests.test_antivirus_regression" name="test_scan_path_missing_file_returns_error_shape" time="0.003" /><testcase classname="tests.test_antivirus_regression" name="test_scan_path_fail_open_when_unavailable" time="0.001" /><testcase classname="tests.test_antivirus_regression" name="test_scan_bytes_oversize_rejected" time="0.000" /><testcase classname="tests.test_antivirus_concurrency" name="test_concurrent_scan_cap_holds_under_burst" time="0.601" /><testcase classname="tests.test_antivirus_concurrency" name="test_env_var_tunes_the_cap" time="0.000" /><testcase classname="tests.test_iter77_av_background" name="test_schedule_background_scan_flips_to_clean" time="0.060" /><testcase classname="tests.test_iter77_av_background" name="test_schedule_background_scan_flags_infected" time="0.060" /><testcase classname="tests.test_iter77_av_background" name="test_scanner_failure_marks_unscanned" time="0.056" /><testcase classname="tests.test_iter77_av_background" name="test_rescan_pending_only_picks_old_rows" time="0.008" /></testsuite></testsuites>