<?xml version="1.0" encoding="utf-8"?><testsuites name="pytest tests"><testsuite name="pytest" errors="0" failures="0" skipped="0" tests="19" time="2.842" timestamp="2026-06-26T02:49:24.666628+00:00" hostname="agent-env-01392761-0b48-49c7-9559-b86dabbc1563"><testcase classname="tests.test_iteration_51.TestLibraryPreviewAnon" name="test_opted_in_returns_200_with_payload" time="0.145" /><testcase classname="tests.test_iteration_51.TestLibraryPreviewAnon" name="test_not_opted_in_returns_404" time="0.046" /><testcase classname="tests.test_iteration_51.TestLibraryPreviewAnon" name="test_nonexistent_handle_returns_404" time="0.043" /><testcase classname="tests.test_iteration_51.TestLibraryPreviewAnon" name="test_404_bodies_identical_no_enumeration" time="0.165" /><testcase classname="tests.test_iteration_51.TestFirstShareModalFlag" name="test_first_time_toggle_returns_modal_true_subsequent_false" time="0.580" /><testcase classname="tests.test_iteration_51.TestBioField" name="test_set_bio_returns_value" time="0.402" /><testcase classname="tests.test_iteration_51.TestBioField" name="test_bio_surfaces_in_auth_me_and_profile" time="0.167" /><testcase classname="tests.test_iteration_51.TestBioField" name="test_bio_over_280_rejected_422" time="0.053" /><testcase classname="tests.test_iteration_51.TestBioField" name="test_bio_surfaces_in_library_preview_anon" time="0.102" /><testcase classname="tests.test_iteration_51.TestBioField" name="test_bio_surfaces_in_cover_profile_anon" time="0.101" /><testcase classname="tests.test_iteration_51.TestBioField" name="test_bio_surfaces_in_public_library_owner" time="0.114" /><testcase classname="tests.test_iteration_51.TestRssToken" name="test_lazy_create_returns_token_and_idempotent" time="0.116" /><testcase classname="tests.test_iteration_51.TestRssToken" name="test_regenerate_returns_new_token" time="0.171" /><testcase classname="tests.test_iteration_51.TestRssFeed" name="test_anon_with_correct_token_returns_valid_xml" time="0.151" /><testcase classname="tests.test_iteration_51.TestRssFeed" name="test_no_token_returns_404" time="0.049" /><testcase classname="tests.test_iteration_51.TestRssFeed" name="test_wrong_token_returns_404" time="0.083" /><testcase classname="tests.test_iteration_51.TestRssFeed" name="test_not_opted_in_returns_404_with_any_token" time="0.043" /><testcase classname="tests.test_iteration_51.TestRssFeed" name="test_nonexistent_user_returns_404_with_any_token" time="0.042" /><testcase classname="tests.test_iteration_51.TestRssFeed" name="test_404_bodies_identical_no_enumeration" time="0.175" /></testsuite></testsuites>