<?xml version="1.0" encoding="utf-8"?><testsuites name="pytest tests"><testsuite name="pytest" errors="0" failures="0" skipped="0" tests="16" time="12.345" timestamp="2026-06-27T03:33:17.778072+00:00" hostname="agent-env-01392761-0b48-49c7-9559-b86dabbc1563"><testcase classname="tests.test_iter72_directory_mode_filter" name="test_directory_returns_library_mode_field" time="1.361" /><testcase classname="tests.test_iter72_directory_mode_filter" name="test_directory_filter_fanfic_only" time="1.598" /><testcase classname="tests.test_iter72_directory_mode_filter" name="test_directory_filter_original_only" time="1.285" /><testcase classname="tests.test_iter72_directory_mode_filter" name="test_directory_filter_mixed_includes_legacy" time="1.294" /><testcase classname="tests.test_iter72_directory_mode_filter" name="test_directory_no_mode_returns_everyone" time="1.281" /><testcase classname="tests.test_iter72_directory_mode_filter" name="test_directory_invalid_mode_is_ignored" time="2.707" /><testcase classname="tests.test_iter71_library_mode" name="test_library_mode_defaults_to_mixed_on_fresh_account" time="0.277" /><testcase classname="tests.test_iter71_library_mode" name="test_library_mode_updates_round_trip" time="0.497" /><testcase classname="tests.test_iter71_library_mode" name="test_library_mode_rejects_invalid_values[fancy]" time="0.277" /><testcase classname="tests.test_iter71_library_mode" name="test_library_mode_rejects_invalid_values[FANFIC]" time="0.277" /><testcase classname="tests.test_iter71_library_mode" name="test_library_mode_rejects_invalid_values[]" time="0.278" /><testcase classname="tests.test_iter71_library_mode" name="test_library_mode_rejects_invalid_values[fanfic ]" time="0.278" /><testcase classname="tests.test_iter71_library_mode" name="test_library_mode_rejects_invalid_values[ fanfic]" time="0.277" /><testcase classname="tests.test_iter71_library_mode" name="test_library_mode_rejects_invalid_values[fanfiction]" time="0.276" /><testcase classname="tests.test_iter71_library_mode" name="test_library_mode_rejects_invalid_values[all]" time="0.278" /><testcase classname="tests.test_iter71_library_mode" name="test_library_mode_requires_auth" time="0.003" /></testsuite></testsuites>