<?xml version="1.0" encoding="utf-8"?><testsuites name="pytest tests"><testsuite name="pytest" errors="0" failures="0" skipped="0" tests="9" time="6.237" timestamp="2026-06-28T18:20:25.588340+00:00" hostname="agent-env-01392761-0b48-49c7-9559-b86dabbc1563"><testcase classname="tests.test_upload_queue_summary" name="test_queue_summary_returns_six_keys_zero_for_fresh_user" time="0.548" /><testcase classname="tests.test_upload_queue_summary" name="test_queue_summary_requires_auth" time="0.003" /><testcase classname="tests.test_upload_queue_summary" name="test_queue_summary_fetched_at_is_valid_iso" time="0.541" /><testcase classname="tests.test_upload_queue_summary" name="test_queue_summary_user_isolation" time="1.982" /><testcase classname="tests.test_upload_queue_summary" name="test_queue_summary_reflects_completed_job_for_owner" time="1.453" /><testcase classname="tests.test_upload_queue_summary" name="test_auth_me_still_works" time="0.547" /><testcase classname="tests.test_upload_queue_summary" name="test_jobs_endpoint_still_works" time="0.541" /><testcase classname="tests.test_upload_queue_summary" name="test_admin_stuck_endpoint_requires_admin" time="0.539" /><testcase classname="tests.test_upload_queue_summary" name="test_admin_failures_endpoint_requires_auth" time="0.003" /></testsuite></testsuites>