<?xml version="1.0" encoding="utf-8"?><testsuites name="pytest tests"><testsuite name="pytest" errors="0" failures="0" skipped="0" tests="6" time="2.370" timestamp="2026-07-01T17:17:12.025548+00:00" hostname="agent-env-01392761-0b48-49c7-9559-b86dabbc1563"><testcase classname="tests.test_iter59_help_feedback_status.TestFeedbackIdExposed" name="test_feedback_id_is_24char_hex" time="0.983" /><testcase classname="tests.test_iter59_help_feedback_status.TestStatusTransitions" name="test_full_status_cycle" time="0.976" /><testcase classname="tests.test_iter59_help_feedback_status.TestErrorCases" name="test_invalid_status" time="0.051" /><testcase classname="tests.test_iter59_help_feedback_status.TestErrorCases" name="test_invalid_id_shape" time="0.069" /><testcase classname="tests.test_iter59_help_feedback_status.TestErrorCases" name="test_not_found_valid_shape" time="0.052" /><testcase classname="tests.test_iter59_help_feedback_status.TestErrorCases" name="test_requires_admin" time="0.163" /></testsuite></testsuites>