<?xml version="1.0" encoding="utf-8"?><testsuites name="pytest tests"><testsuite name="pytest" errors="0" failures="0" skipped="0" tests="5" time="5.809" timestamp="2026-06-26T04:02:44.224898+00:00" hostname="agent-env-01392761-0b48-49c7-9559-b86dabbc1563"><testcase classname="tests.test_iteration_53.TestFriendRequestNotificationLink" name="test_link_uses_users_focus_with_handle" time="2.925" /><testcase classname="tests.test_iteration_53.TestFriendRequestNotificationLink" name="test_link_fallback_when_no_handle" time="1.253" /><testcase classname="tests.test_iteration_53.TestFriendRequestNotificationLink" name="test_friend_accepted_still_links_to_friends" time="1.329" /><testcase classname="tests.test_iteration_53.TestTrendingEndpoint" name="test_trending_anon_shape" time="0.107" /><testcase classname="tests.test_iteration_53.TestTrendingEndpoint" name="test_trending_entries_have_required_fields" time="0.123" /></testsuite></testsuites>