<?xml version="1.0" encoding="utf-8"?><testsuites name="pytest tests"><testsuite name="pytest" errors="0" failures="1" skipped="0" tests="12" time="3.397" timestamp="2026-06-26T01:47:42.098647+00:00" hostname="agent-env-01392761-0b48-49c7-9559-b86dabbc1563"><testcase classname="tests.test_iteration_49.TestOGShare" name="test_opted_user_returns_og_html" time="0.140" /><testcase classname="tests.test_iteration_49.TestOGShare" name="test_private_user_returns_404" time="0.129" /><testcase classname="tests.test_iteration_49.TestOGShare" name="test_nonexistent_user_returns_404" time="0.142" /><testcase classname="tests.test_iteration_49.TestOGShare" name="test_404_responses_indistinguishable" time="0.209" /><testcase classname="tests.test_iteration_49.TestDirectory" name="test_directory_returns_has_public_library_field" time="0.397" /><testcase classname="tests.test_iteration_49.TestDirectory" name="test_opted_user_in_directory_with_library_true" time="0.072"><failure message="AssertionError: Opted user @febopta508d not found in directory&#10;assert None">tests/test_iteration_49.py:123: in test_opted_user_in_directory_with_library_true
    assert found, f"Opted user @{OPTED_HANDLE} not found in directory"
E   AssertionError: Opted user @febopta508d not found in directory
E   assert None</failure></testcase><testcase classname="tests.test_iteration_49.TestDirectory" name="test_private_user_in_directory_with_library_false" time="0.089" /><testcase classname="tests.test_iteration_49.TestDirectory" name="test_empty_username_users_excluded" time="0.044" /><testcase classname="tests.test_iteration_49.TestOverlap" name="test_unauthenticated_no_overlap" time="0.143" /><testcase classname="tests.test_iteration_49.TestOverlap" name="test_owner_viewing_self_no_overlap" time="0.047" /><testcase classname="tests.test_iteration_49.TestOverlap" name="test_signed_in_other_user_with_overlap" time="1.408" /><testcase classname="tests.test_iteration_49.TestOverlap" name="test_signed_in_other_user_no_overlap" time="0.476" /></testsuite></testsuites>