<?xml version="1.0" encoding="utf-8"?><testsuites name="pytest tests"><testsuite name="pytest" errors="0" failures="0" skipped="0" tests="16" time="5.970" timestamp="2026-06-28T18:49:00.624418+00:00" hostname="agent-env-01392761-0b48-49c7-9559-b86dabbc1563"><testcase classname="tests.test_polish_retry_inbox.TestPolishFailedEndpoint" name="test_requires_auth" time="0.004" /><testcase classname="tests.test_polish_retry_inbox.TestPolishFailedEndpoint" name="test_returns_shape_and_fields" time="0.287" /><testcase classname="tests.test_polish_retry_inbox.TestPolishFailedEndpoint" name="test_sorted_desc_by_failed_at" time="0.277" /><testcase classname="tests.test_polish_retry_inbox.TestPolishFailedEndpoint" name="test_user_isolation" time="0.481" /><testcase classname="tests.test_polish_retry_inbox.TestPolishFailedEndpoint" name="test_excludes_trash" time="0.292" /><testcase classname="tests.test_polish_retry_inbox.TestPolishFailedEndpoint" name="test_empty_inbox" time="0.282" /><testcase classname="tests.test_polish_retry_inbox.TestPolishBulkResetClearsSentinelFields" name="test_reset_clears_polish_attempts_and_error" time="0.281" /><testcase classname="tests.test_polish_retry_inbox.TestPolishBulkResetClearsSentinelFields" name="test_reset_only_touches_polish_failed" time="0.452" /><testcase classname="tests.test_polish_retry_inbox.TestPolishStatsShape" name="test_stats_returns_expected_keys" time="0.281" /><testcase classname="tests.test_polish_retry_inbox.TestPolishStatsShape" name="test_stats_counts_failed" time="0.286" /><testcase classname="tests.test_polish_retry_inbox.TestQueueSummaryIntegration" name="test_polish_failed_count_matches_inbox" time="0.366" /><testcase classname="tests.test_polish_retry_inbox.TestPolishOneStillWorks" name="test_unknown_book_returns_404" time="0.275" /><testcase classname="tests.test_polish_retry_inbox.TestPolishDrainTransientVsPermanent" name="test_transient_mongo_error_leaves_book_pending" time="2.214" /><testcase classname="tests.test_polish_retry_inbox.TestPolishDrainTransientVsPermanent" name="test_permanent_error_sentinels_with_attempt_metadata" time="0.006" /><testcase classname="tests.test_polish_retry_inbox.TestIsTransientPredicate" name="test_autoreconnect_is_transient" time="0.000" /><testcase classname="tests.test_polish_retry_inbox.TestIsTransientPredicate" name="test_value_error_not_transient" time="0.000" /></testsuite></testsuites>