<?xml version="1.0" encoding="utf-8"?><testsuites name="pytest tests"><testsuite name="pytest" errors="0" failures="0" skipped="0" tests="12" time="0.512" timestamp="2026-06-22T04:33:31.274084+00:00" hostname="agent-env-01392761-0b48-49c7-9559-b86dabbc1563"><testcase classname="tests.test_send_to_kindle" name="test_is_valid_kindle_email" time="0.193" /><testcase classname="tests.test_send_to_kindle" name="test_set_and_get_kindle_email" time="0.022" /><testcase classname="tests.test_send_to_kindle" name="test_set_invalid_kindle_email_raises_400" time="0.003" /><testcase classname="tests.test_send_to_kindle" name="test_send_to_kindle_happy_path" time="0.125" /><testcase classname="tests.test_send_to_kindle" name="test_send_without_kindle_email_returns_400" time="0.006" /><testcase classname="tests.test_send_to_kindle" name="test_send_unknown_book_returns_404" time="0.005" /><testcase classname="tests.test_send_to_kindle" name="test_send_quarantined_book_returns_403" time="0.006" /><testcase classname="tests.test_send_to_kindle" name="test_send_oversized_returns_413" time="0.018" /><testcase classname="tests.test_send_to_kindle" name="test_send_within_rate_limit_window_returns_429" time="0.005" /><testcase classname="tests.test_send_to_kindle" name="test_resend_error_returns_502_and_logs" time="0.006" /><testcase classname="tests.test_send_to_kindle" name="test_no_resend_config_returns_503" time="0.006" /><testcase classname="tests.test_send_to_kindle" name="test_filename_sanitisation" time="0.007" /></testsuite></testsuites>