<?xml version="1.0" encoding="utf-8"?><testsuites name="pytest tests"><testsuite name="pytest" errors="0" failures="0" skipped="0" tests="21" time="3.408" timestamp="2026-05-29T01:02:15.788675+00:00" hostname="agent-env-01392761-0b48-49c7-9559-b86dabbc1563"><testcase classname="backend.tests.test_year_in_books.TestYearInBooks" name="test_requires_auth" time="0.179" /><testcase classname="backend.tests.test_year_in_books.TestYearInBooks" name="test_year_validation_low" time="0.106" /><testcase classname="backend.tests.test_year_in_books.TestYearInBooks" name="test_year_validation_high" time="0.116" /><testcase classname="backend.tests.test_year_in_books.TestYearInBooks" name="test_empty_user_returns_has_data_false" time="0.118" /><testcase classname="backend.tests.test_year_in_books.TestYearInBooks" name="test_has_data_with_seeded_book" time="0.116" /><testcase classname="backend.tests.test_year_in_books.TestYearInBooks" name="test_email_post_returns_delivered_false" time="0.121" /><testcase classname="backend.tests.test_year_in_books.TestYearInBooks" name="test_email_requires_auth" time="0.165" /><testcase classname="backend.tests.test_year_in_books.TestYearInBooks" name="test_email_year_validation" time="0.109" /><testcase classname="backend.tests.test_year_in_books.TestRegressionEndpoints" name="test_auth_me_unauthenticated" time="0.106" /><testcase classname="backend.tests.test_year_in_books.TestRegressionEndpoints" name="test_auth_me_with_token" time="0.133" /><testcase classname="backend.tests.test_year_in_books.TestRegressionEndpoints" name="test_digest_settings_get" time="0.130" /><testcase classname="backend.tests.test_year_in_books.TestRegressionEndpoints" name="test_digest_preview_post" time="0.116" /><testcase classname="backend.tests.test_year_in_books.TestRegressionEndpoints" name="test_books_list" time="0.112" /><testcase classname="backend.tests.test_year_in_books.TestRegressionEndpoints" name="test_stats_overview" time="0.129" /><testcase classname="backend.tests.test_year_in_books.TestRegressionEndpoints" name="test_stats_detailed" time="0.130" /><testcase classname="backend.tests.test_year_in_books.TestRegressionEndpoints" name="test_authors_list" time="0.115" /><testcase classname="backend.tests.test_year_in_books.TestRegressionEndpoints" name="test_series_list" time="0.097" /><testcase classname="backend.tests.test_year_in_books.TestRegressionEndpoints" name="test_bulk_metadata_requires_auth" time="0.107" /><testcase classname="backend.tests.test_year_in_books.TestRegressionEndpoints" name="test_bulk_move_requires_auth" time="0.146" /><testcase classname="backend.tests.test_year_in_books.TestRegressionEndpoints" name="test_bulk_delete_requires_auth" time="0.109" /><testcase classname="backend.tests.test_year_in_books.TestRegressionEndpoints" name="test_register_login_logout_flow" time="0.782" /></testsuite></testsuites>