<?xml version="1.0" encoding="utf-8"?><testsuites name="pytest tests"><testsuite name="pytest" errors="0" failures="0" skipped="0" tests="29" time="3.368" timestamp="2026-06-14T02:06:17.415143+00:00" hostname="agent-env-01392761-0b48-49c7-9559-b86dabbc1563"><testcase classname="tests.test_bookclubs.TestBookclubCreateAndList" name="test_unauth_blocked" time="0.191" /><testcase classname="tests.test_bookclubs.TestBookclubCreateAndList" name="test_create_requires_owned_book" time="0.094" /><testcase classname="tests.test_bookclubs.TestBookclubCreateAndList" name="test_outsider_cant_create_with_others_book" time="0.153" /><testcase classname="tests.test_bookclubs.TestBookclubCreateAndList" name="test_create_room_succeeds" time="0.112" /><testcase classname="tests.test_bookclubs.TestBookclubCreateAndList" name="test_list_mine_shows_room" time="0.098" /><testcase classname="tests.test_bookclubs.TestBookclubInviteFlow" name="test_outsider_cant_be_invited" time="0.118" /><testcase classname="tests.test_bookclubs.TestBookclubInviteFlow" name="test_invite_friend_succeeds" time="0.111" /><testcase classname="tests.test_bookclubs.TestBookclubInviteFlow" name="test_double_invite_rejected" time="0.107" /><testcase classname="tests.test_bookclubs.TestBookclubInviteFlow" name="test_friend_sees_pending_invite" time="0.149" /><testcase classname="tests.test_bookclubs.TestBookclubInviteFlow" name="test_pending_count" time="0.130" /><testcase classname="tests.test_bookclubs.TestBookclubInviteFlow" name="test_outsider_cant_get_detail" time="0.097" /><testcase classname="tests.test_bookclubs.TestBookclubInviteFlow" name="test_accept_invite" time="0.107" /><testcase classname="tests.test_bookclubs.TestBookclubInviteFlow" name="test_detail_lists_both_members" time="0.101" /><testcase classname="tests.test_bookclubs.TestRoomEditAndRoles" name="test_member_cant_edit" time="0.100" /><testcase classname="tests.test_bookclubs.TestRoomEditAndRoles" name="test_owner_can_edit" time="0.095" /><testcase classname="tests.test_bookclubs.TestRoomEditAndRoles" name="test_promote_friend_to_moderator" time="0.101" /><testcase classname="tests.test_bookclubs.TestRoomEditAndRoles" name="test_moderator_can_invite_too" time="0.110" /><testcase classname="tests.test_bookclubs.TestMessages" name="test_post_lobby_message" time="0.111" /><testcase classname="tests.test_bookclubs.TestMessages" name="test_post_chapter_message" time="0.097" /><testcase classname="tests.test_bookclubs.TestMessages" name="test_post_invalid_chapter" time="0.103" /><testcase classname="tests.test_bookclubs.TestMessages" name="test_list_all_messages" time="0.109" /><testcase classname="tests.test_bookclubs.TestMessages" name="test_list_chapter_filter" time="0.105" /><testcase classname="tests.test_bookclubs.TestMessages" name="test_non_member_cant_read" time="0.098" /><testcase classname="tests.test_bookclubs.TestProgressAndMilestones" name="test_set_progress" time="0.098" /><testcase classname="tests.test_bookclubs.TestProgressAndMilestones" name="test_progress_clamps_to_total" time="0.108" /><testcase classname="tests.test_bookclubs.TestProgressAndMilestones" name="test_finish_fires_notification_to_owner" time="0.001" /><testcase classname="tests.test_bookclubs.TestTransferAndLeave" name="test_owner_cant_leave_with_others" time="0.113" /><testcase classname="tests.test_bookclubs.TestTransferAndLeave" name="test_transfer_ownership" time="0.204" /><testcase classname="tests.test_bookclubs.TestTransferAndLeave" name="test_new_owner_can_delete" time="0.107" /></testsuite></testsuites>