<?xml version="1.0" encoding="utf-8"?><testsuites name="pytest tests"><testsuite name="pytest" errors="0" failures="1" skipped="0" tests="23" time="3.989" timestamp="2026-05-29T00:53:18.577055+00:00" hostname="agent-env-01392761-0b48-49c7-9559-b86dabbc1563"><testcase classname="backend.tests.test_digest.TestDigestSettingsGet" name="test_fresh_user_defaults" time="0.200" /><testcase classname="backend.tests.test_digest.TestDigestSettingsPut" name="test_full_update_persists" time="0.232" /><testcase classname="backend.tests.test_digest.TestDigestSettingsPut" name="test_partial_update_only_enabled" time="0.257" /><testcase classname="backend.tests.test_digest.TestDigestSettingsPut" name="test_partial_update_only_hour" time="0.279" /><testcase classname="backend.tests.test_digest.TestDigestSettingsPut" name="test_partial_update_only_day" time="0.252" /><testcase classname="backend.tests.test_digest.TestDigestSettingsPut" name="test_invalid_day_of_week_7" time="0.123" /><testcase classname="backend.tests.test_digest.TestDigestSettingsPut" name="test_invalid_day_of_week_negative" time="0.114" /><testcase classname="backend.tests.test_digest.TestDigestSettingsPut" name="test_invalid_hour_24" time="0.107" /><testcase classname="backend.tests.test_digest.TestDigestSettingsPut" name="test_requires_auth" time="0.112" /><testcase classname="backend.tests.test_digest.TestDigestPreview" name="test_preview_returns_summary" time="0.114" /><testcase classname="backend.tests.test_digest.TestDigestPreview" name="test_preview_requires_auth" time="0.118" /><testcase classname="backend.tests.test_digest.TestSchedulerLog" name="test_scheduler_started_log_present" time="0.000" /><testcase classname="backend.tests.test_digest.TestRegression" name="test_auth_me" time="0.115" /><testcase classname="backend.tests.test_digest.TestRegression" name="test_auth_register_login_logout" time="0.766" /><testcase classname="backend.tests.test_digest.TestRegression" name="test_auth_profile_put" time="0.107"><failure message="AssertionError: {&quot;detail&quot;:&quot;Method Not Allowed&quot;}&#10;assert 405 == 200&#10; +  where 405 = &lt;Response [405]&gt;.status_code">backend/tests/test_digest.py:202: in test_auth_profile_put
    assert r.status_code == 200, r.text
E   AssertionError: {"detail":"Method Not Allowed"}
E   assert 405 == 200
E    +  where 405 = &lt;Response [405]&gt;.status_code</failure></testcase><testcase classname="backend.tests.test_digest.TestRegression" name="test_books_list" time="0.119" /><testcase classname="backend.tests.test_digest.TestRegression" name="test_stats_overview" time="0.111" /><testcase classname="backend.tests.test_digest.TestRegression" name="test_stats_detailed" time="0.106" /><testcase classname="backend.tests.test_digest.TestRegression" name="test_authors_list" time="0.101" /><testcase classname="backend.tests.test_digest.TestRegression" name="test_series_list" time="0.113" /><testcase classname="backend.tests.test_digest.TestRegression" name="test_bulk_metadata_empty" time="0.158" /><testcase classname="backend.tests.test_digest.TestRegression" name="test_bulk_move_empty" time="0.108" /><testcase classname="backend.tests.test_digest.TestRegression" name="test_bulk_delete_empty" time="0.113" /></testsuite></testsuites>