<?xml version="1.0" encoding="utf-8"?><testsuites name="pytest tests"><testsuite name="pytest" errors="0" failures="0" skipped="0" tests="8" time="1.394" timestamp="2026-06-14T02:49:57.478966+00:00" hostname="agent-env-01392761-0b48-49c7-9559-b86dabbc1563"><testcase classname="tests.test_friends_finished_digest.TestFriendsFinishedDigest" name="test_unauth" time="0.215" /><testcase classname="tests.test_friends_finished_digest.TestFriendsFinishedDigest" name="test_default_email_disabled" time="0.109" /><testcase classname="tests.test_friends_finished_digest.TestFriendsFinishedDigest" name="test_toggle_email_on_and_off" time="0.235" /><testcase classname="tests.test_friends_finished_digest.TestFriendsFinishedDigest" name="test_preview_fires_in_app_regardless_of_email_pref" time="0.108" /><testcase classname="tests.test_friends_finished_digest.TestFriendsFinishedDigest" name="test_preview_creates_notification" time="0.001" /><testcase classname="tests.test_friends_finished_digest.TestFriendsFinishedDigest" name="test_preview_with_send_email_attempts_email" time="0.365" /><testcase classname="tests.test_friends_finished_digest.TestFriendsFinishedDigest" name="test_preview_empty_when_no_finishes" time="0.121" /><testcase classname="tests.test_friends_finished_digest.TestFriendsFinishedDigest" name="test_email_overview_includes_from_friends" time="0.106" /></testsuite></testsuites>