<?xml version="1.0" encoding="utf-8"?><testsuites name="pytest tests"><testsuite name="pytest" errors="0" failures="0" skipped="0" tests="7" time="0.857" timestamp="2026-06-18T23:54:16.230812+00:00" hostname="agent-env-01392761-0b48-49c7-9559-b86dabbc1563"><testcase classname="tests.test_account_safety.TestHealthRegression" name="test_health_still_ok_with_av_available" time="0.006" /><testcase classname="tests.test_account_safety.TestGetSafetyReport" name="test_requires_auth" time="0.003" /><testcase classname="tests.test_account_safety.TestGetSafetyReport" name="test_returns_full_shape" time="0.237" /><testcase classname="tests.test_account_safety.TestGetSafetyReport" name="test_only_calling_user_counted" time="0.011" /><testcase classname="tests.test_account_safety.TestRescan" name="test_requires_auth" time="0.002" /><testcase classname="tests.test_account_safety.TestRescan" name="test_rescan_runs_and_persists" time="0.518" /><testcase classname="tests.test_account_safety.TestRescanWhenAvDown" name="test_503_when_av_unavailable" time="0.003" /></testsuite></testsuites>