<?xml version="1.0" encoding="utf-8"?><testsuites name="pytest tests"><testsuite name="pytest" errors="0" failures="0" skipped="0" tests="13" time="1.144" timestamp="2026-06-18T21:48:09.844220+00:00" hostname="agent-env-01392761-0b48-49c7-9559-b86dabbc1563"><testcase classname="tests.test_signup_config" name="test_public_signup_config_shape" time="0.005" /><testcase classname="tests.test_signup_config" name="test_public_rules_returns_markdown" time="0.003" /><testcase classname="tests.test_signup_config" name="test_admin_signup_config_requires_auth" time="0.002" /><testcase classname="tests.test_signup_config" name="test_admin_get_full_config" time="0.271" /><testcase classname="tests.test_signup_config" name="test_put_rules_too_short" time="0.044" /><testcase classname="tests.test_signup_config" name="test_put_rules_too_long" time="0.044" /><testcase classname="tests.test_signup_config" name="test_put_patch_subset" time="0.048" /><testcase classname="tests.test_signup_config" name="test_onboarding_stats_shape" time="0.046" /><testcase classname="tests.test_signup_config" name="test_register_gate_off_auto_approves" time="0.272" /><testcase classname="tests.test_signup_config" name="test_register_missing_onboarding" time="0.007" /><testcase classname="tests.test_signup_config" name="test_register_missing_rules" time="0.003" /><testcase classname="tests.test_signup_config" name="test_register_under_13" time="0.003" /><testcase classname="tests.test_signup_config" name="test_register_full_flow_persists_onboarding" time="0.323" /></testsuite></testsuites>