<?xml version="1.0" encoding="utf-8"?><testsuites name="pytest tests"><testsuite name="pytest" errors="0" failures="1" skipped="0" tests="22" time="19.271" timestamp="2026-06-20T03:58:18.958629+00:00" hostname="agent-env-01392761-0b48-49c7-9559-b86dabbc1563"><testcase classname="tests.test_orphan_audit" name="test_orphan_audit_requires_auth" time="0.149" /><testcase classname="tests.test_orphan_audit" name="test_orphan_audit_returns_orphan_list" time="3.592" /><testcase classname="tests.test_orphan_audit" name="test_orphan_audit_delete_bulk_empty_body_rejected" time="0.111" /><testcase classname="tests.test_orphan_audit" name="test_orphan_audit_delete_bulk_unknown_ids_returns_not_found_list" time="0.107" /><testcase classname="tests.test_orphan_audit" name="test_register_test_account_auto_approved_and_flagged" time="0.342" /><testcase classname="tests.test_orphan_audit" name="test_register_real_user_still_pending_when_gate_enabled" time="0.339" /><testcase classname="tests.test_insights_and_toggles" name="test_storage_fallback_pause_round_trip" time="9.217" /><testcase classname="tests.test_insights_and_toggles" name="test_storage_fallback_pause_requires_admin" time="0.102" /><testcase classname="tests.test_insights_and_toggles" name="test_similar_books_returns_shape" time="0.104" /><testcase classname="tests.test_insights_and_toggles" name="test_similar_books_404_for_unknown_seed" time="0.136" /><testcase classname="tests.test_insights_and_toggles" name="test_reader_dna_shape" time="0.153" /><testcase classname="tests.test_insights_and_toggles" name="test_landing_stats_excludes_test_accounts" time="0.128" /><testcase classname="tests.test_iter32_review" name="test_orphan_audit_limit_query_caps_results" time="0.670" /><testcase classname="tests.test_iter32_review" name="test_orphan_audit_row_carries_owner_is_test_field" time="1.990" /><testcase classname="tests.test_iter32_review" name="test_orphan_audit_delete_bulk_requires_auth" time="0.109" /><testcase classname="tests.test_iter32_review" name="test_orphan_audit_delete_bulk_removes_confirmed_orphan" time="1.149" /><testcase classname="tests.test_iter32_review" name="test_admin_users_excludes_test_accounts" time="0.115" /><testcase classname="tests.test_iter32_review" name="test_admin_global_stats_reflects_real_users_only" time="0.141"><failure message="AssertionError: missing user_count&#10;assert 'user_count' in {'users': 15, 'admins': 6, 'books': 3806, 'signups_7d': 5, 'signups_30d': 10, 'top_fandoms': [{'fandom': 'Star Trek', 'count': 458}, {'fandom': 'Stargate SG-1', 'count': 381}, {'fandom': 'Star Wars', 'count': 381}, {'fandom': 'Supernatural', 'count': 379}, {'fandom': 'MHA', 'count': 348}, {'fandom': 'Harry Potter', 'count': 336}, {'fandom': 'Spy x Family', 'count': 304}, {'fandom': 'Avatar', 'count': 281}, {'fandom': 'Frieren', 'count': 218}, {'fandom': 'Naruto', 'count': 142}], 'categories': {'Anthology': 328, 'Non-fiction': 302, 'Light Novel': 318, 'Screenplay': 311, 'Fanfiction': 280, 'Reference': 312, 'Translation': 347, 'Drama': 337, 'Poetry': 323, 'Web Novel': 321, 'Manga': 305, 'Original Fiction': 321, &quot;Can't Open&quot;: 1}, 'total_storage_bytes': 5020}">backend/tests/test_iter32_review.py:171: in test_admin_global_stats_reflects_real_users_only
    assert k in body, f"missing {k}"
E   AssertionError: missing user_count
E   assert 'user_count' in {'users': 15, 'admins': 6, 'books': 3806, 'signups_7d': 5, 'signups_30d': 10, 'top_fandoms': [{'fandom': 'Star Trek', 'count': 458}, {'fandom': 'Stargate SG-1', 'count': 381}, {'fandom': 'Star Wars', 'count': 381}, {'fandom': 'Supernatural', 'count': 379}, {'fandom': 'MHA', 'count': 348}, {'fandom': 'Harry Potter', 'count': 336}, {'fandom': 'Spy x Family', 'count': 304}, {'fandom': 'Avatar', 'count': 281}, {'fandom': 'Frieren', 'count': 218}, {'fandom': 'Naruto', 'count': 142}], 'categories': {'Anthology': 328, 'Non-fiction': 302, 'Light Novel': 318, 'Screenplay': 311, 'Fanfiction': 280, 'Reference': 312, 'Translation': 347, 'Drama': 337, 'Poetry': 323, 'Web Novel': 321, 'Manga': 305, 'Original Fiction': 321, "Can't Open": 1}, 'total_storage_bytes': 5020}</failure></testcase><testcase classname="tests.test_iter32_review" name="test_admin_today_pulse_excludes_test_accounts" time="0.131" /><testcase classname="tests.test_iter32_review" name="test_landing_stats_readers_modest" time="0.111" /><testcase classname="tests.test_iter32_review" name="test_similar_returns_other_hp_book_for_hp_seed" time="0.113" /><testcase classname="tests.test_iter32_review" name="test_reader_dna_top_fandoms_capped_at_3" time="0.119" /></testsuite></testsuites>