<?xml version="1.0" encoding="utf-8"?><testsuites name="pytest tests"><testsuite name="pytest" errors="0" failures="0" skipped="0" tests="92" time="15.592" timestamp="2026-06-14T02:50:16.964315+00:00" hostname="agent-env-01392761-0b48-49c7-9559-b86dabbc1563"><testcase classname="tests.test_digest.TestDigestSettingsGet" name="test_fresh_user_defaults" time="0.157" /><testcase classname="tests.test_digest.TestDigestSettingsPut" name="test_full_update_persists" time="0.225" /><testcase classname="tests.test_digest.TestDigestSettingsPut" name="test_partial_update_only_enabled" time="0.221" /><testcase classname="tests.test_digest.TestDigestSettingsPut" name="test_partial_update_only_hour" time="0.211" /><testcase classname="tests.test_digest.TestDigestSettingsPut" name="test_partial_update_only_day" time="0.220" /><testcase classname="tests.test_digest.TestDigestSettingsPut" name="test_invalid_day_of_week_7" time="0.100" /><testcase classname="tests.test_digest.TestDigestSettingsPut" name="test_invalid_day_of_week_negative" time="0.094" /><testcase classname="tests.test_digest.TestDigestSettingsPut" name="test_invalid_hour_24" time="0.101" /><testcase classname="tests.test_digest.TestDigestSettingsPut" name="test_requires_auth" time="0.108" /><testcase classname="tests.test_digest.TestDigestPreview" name="test_preview_returns_summary" time="0.341" /><testcase classname="tests.test_digest.TestDigestPreview" name="test_preview_requires_auth" time="0.097" /><testcase classname="tests.test_digest.TestFicUpdateEmail" name="test_settings_default_disabled" time="0.098" /><testcase classname="tests.test_digest.TestFicUpdateEmail" name="test_settings_toggle_on_off" time="0.312" /><testcase classname="tests.test_digest.TestFicUpdateEmail" name="test_settings_requires_auth" time="0.097" /><testcase classname="tests.test_digest.TestFicUpdateEmail" name="test_preview_400_without_refreshed_books" time="0.097" /><testcase classname="tests.test_digest.TestFicUpdateEmail" name="test_preview_with_refreshed_book" time="0.264" /><testcase classname="tests.test_digest.TestEmailOverview" name="test_overview_shape" time="0.098" /><testcase classname="tests.test_digest.TestEmailOverview" name="test_overview_requires_auth" time="0.100" /><testcase classname="tests.test_digest.TestEmailOverview" name="test_overview_reflects_settings_changes" time="0.308" /><testcase classname="tests.test_digest.TestEmailTest" name="test_email_test_requires_auth" time="0.095" /><testcase classname="tests.test_digest.TestEmailTest" name="test_email_test_returns_to_field" time="0.251" /><testcase classname="tests.test_digest.TestSchedulerLog" name="test_scheduler_started_log_present" time="0.004" /><testcase classname="tests.test_digest.TestRegression" name="test_auth_me" time="0.117" /><testcase classname="tests.test_digest.TestRegression" name="test_auth_register_login_logout" time="0.740" /><testcase classname="tests.test_digest.TestRegression" name="test_auth_profile_put" time="0.213" /><testcase classname="tests.test_digest.TestRegression" name="test_books_list" time="0.102" /><testcase classname="tests.test_digest.TestRegression" name="test_stats_overview" time="0.126" /><testcase classname="tests.test_digest.TestRegression" name="test_stats_detailed" time="0.098" /><testcase classname="tests.test_digest.TestRegression" name="test_authors_list" time="0.135" /><testcase classname="tests.test_digest.TestRegression" name="test_series_list" time="0.110" /><testcase classname="tests.test_digest.TestRegression" name="test_bulk_metadata_empty" time="0.097" /><testcase classname="tests.test_digest.TestRegression" name="test_bulk_move_empty" time="0.097" /><testcase classname="tests.test_digest.TestRegression" name="test_bulk_delete_empty" time="0.109" /><testcase classname="tests.test_recommendations.TestFriendRecommendations" name="test_unauth" time="0.095" /><testcase classname="tests.test_recommendations.TestFriendRecommendations" name="test_returns_only_sharing_friends_books" time="0.115" /><testcase classname="tests.test_recommendations.TestFriendRecommendations" name="test_already_owned_filtered" time="0.107" /><testcase classname="tests.test_recommendations.TestFriendRecommendations" name="test_grouping_multiple_friends" time="0.104" /><testcase classname="tests.test_recommendations.TestFriendRecommendations" name="test_ranking_finished_first" time="0.098" /><testcase classname="tests.test_recommendations.TestFriendRecommendations" name="test_dismiss_and_undismiss" time="0.621" /><testcase classname="tests.test_recommendations.TestFriendRecommendations" name="test_no_friends_returns_empty" time="0.095" /><testcase classname="tests.test_opds.TestCatalogCredentials" name="test_initial_state_disabled" time="0.106" /><testcase classname="tests.test_opds.TestCatalogCredentials" name="test_regenerate_returns_plaintext" time="0.325" /><testcase classname="tests.test_opds.TestCatalogCredentials" name="test_status_reflects_enable" time="0.098" /><testcase classname="tests.test_opds.TestCatalogCredentials" name="test_toggle_off_then_on" time="0.213" /><testcase classname="tests.test_opds.TestOpdsFeed" name="test_no_auth_401" time="0.094" /><testcase classname="tests.test_opds.TestOpdsFeed" name="test_wrong_password_401" time="0.320" /><testcase classname="tests.test_opds.TestOpdsFeed" name="test_root_navigation_feed" time="0.595" /><testcase classname="tests.test_opds.TestOpdsFeed" name="test_all_acquisition_feed" time="0.326" /><testcase classname="tests.test_opds.TestOpdsFeed" name="test_fandoms_nav" time="0.323" /><testcase classname="tests.test_opds.TestOpdsFeed" name="test_fandom_acquisition" time="0.325" /><testcase classname="tests.test_opds.TestOpdsFeed" name="test_authors_nav" time="0.333" /><testcase classname="tests.test_opds.TestOpdsFeed" name="test_download_streams_epub" time="0.324" /><testcase classname="tests.test_opds.TestOpdsFeed" name="test_cover_present" time="0.356" /><testcase classname="tests.test_opds.TestOpdsFeed" name="test_cover_missing_404" time="0.321" /><testcase classname="tests.test_opds.TestOpdsFeed" name="test_disabled_blocks_access" time="0.342" /><testcase classname="tests.test_bookclubs.TestBookclubCreateAndList" name="test_unauth_blocked" time="0.101" /><testcase classname="tests.test_bookclubs.TestBookclubCreateAndList" name="test_create_requires_owned_book" time="0.107" /><testcase classname="tests.test_bookclubs.TestBookclubCreateAndList" name="test_outsider_cant_create_with_others_book" time="0.104" /><testcase classname="tests.test_bookclubs.TestBookclubCreateAndList" name="test_create_room_succeeds" time="0.111" /><testcase classname="tests.test_bookclubs.TestBookclubCreateAndList" name="test_list_mine_shows_room" time="0.161" /><testcase classname="tests.test_bookclubs.TestBookclubInviteFlow" name="test_outsider_cant_be_invited" time="0.094" /><testcase classname="tests.test_bookclubs.TestBookclubInviteFlow" name="test_invite_friend_succeeds" time="0.096" /><testcase classname="tests.test_bookclubs.TestBookclubInviteFlow" name="test_double_invite_rejected" time="0.100" /><testcase classname="tests.test_bookclubs.TestBookclubInviteFlow" name="test_friend_sees_pending_invite" time="0.100" /><testcase classname="tests.test_bookclubs.TestBookclubInviteFlow" name="test_pending_count" time="0.119" /><testcase classname="tests.test_bookclubs.TestBookclubInviteFlow" name="test_outsider_cant_get_detail" time="0.102" /><testcase classname="tests.test_bookclubs.TestBookclubInviteFlow" name="test_accept_invite" time="0.120" /><testcase classname="tests.test_bookclubs.TestBookclubInviteFlow" name="test_detail_lists_both_members" time="0.095" /><testcase classname="tests.test_bookclubs.TestRoomEditAndRoles" name="test_member_cant_edit" time="0.112" /><testcase classname="tests.test_bookclubs.TestRoomEditAndRoles" name="test_owner_can_edit" time="0.097" /><testcase classname="tests.test_bookclubs.TestRoomEditAndRoles" name="test_promote_friend_to_moderator" time="0.105" /><testcase classname="tests.test_bookclubs.TestRoomEditAndRoles" name="test_moderator_can_invite_too" time="0.115" /><testcase classname="tests.test_bookclubs.TestMessages" name="test_post_lobby_message" time="0.103" /><testcase classname="tests.test_bookclubs.TestMessages" name="test_post_chapter_message" time="0.114" /><testcase classname="tests.test_bookclubs.TestMessages" name="test_post_invalid_chapter" time="0.102" /><testcase classname="tests.test_bookclubs.TestMessages" name="test_list_all_messages" time="0.102" /><testcase classname="tests.test_bookclubs.TestMessages" name="test_list_chapter_filter" time="0.099" /><testcase classname="tests.test_bookclubs.TestMessages" name="test_non_member_cant_read" time="0.106" /><testcase classname="tests.test_bookclubs.TestProgressAndMilestones" name="test_set_progress" time="0.104" /><testcase classname="tests.test_bookclubs.TestProgressAndMilestones" name="test_progress_clamps_to_total" time="0.101" /><testcase classname="tests.test_bookclubs.TestProgressAndMilestones" name="test_finish_fires_notification_to_owner" time="0.001" /><testcase classname="tests.test_bookclubs.TestTransferAndLeave" name="test_owner_cant_leave_with_others" time="0.106" /><testcase classname="tests.test_bookclubs.TestTransferAndLeave" name="test_transfer_ownership" time="0.240" /><testcase classname="tests.test_bookclubs.TestTransferAndLeave" name="test_new_owner_can_delete" time="0.108" /><testcase classname="tests.test_friends_finished_digest.TestFriendsFinishedDigest" name="test_unauth" time="0.101" /><testcase classname="tests.test_friends_finished_digest.TestFriendsFinishedDigest" name="test_default_email_disabled" time="0.101" /><testcase classname="tests.test_friends_finished_digest.TestFriendsFinishedDigest" name="test_toggle_email_on_and_off" time="0.210" /><testcase classname="tests.test_friends_finished_digest.TestFriendsFinishedDigest" name="test_preview_fires_in_app_regardless_of_email_pref" time="0.102" /><testcase classname="tests.test_friends_finished_digest.TestFriendsFinishedDigest" name="test_preview_creates_notification" time="0.001" /><testcase classname="tests.test_friends_finished_digest.TestFriendsFinishedDigest" name="test_preview_with_send_email_attempts_email" time="0.331" /><testcase classname="tests.test_friends_finished_digest.TestFriendsFinishedDigest" name="test_preview_empty_when_no_finishes" time="0.137" /><testcase classname="tests.test_friends_finished_digest.TestFriendsFinishedDigest" name="test_email_overview_includes_from_friends" time="0.103" /></testsuite></testsuites>