<?xml version="1.0" encoding="utf-8"?><testsuites name="pytest tests"><testsuite name="pytest" errors="0" failures="0" skipped="0" tests="5" time="2.282" timestamp="2026-06-19T12:22:47.236268+00:00" hostname="agent-env-01392761-0b48-49c7-9559-b86dabbc1563"><testcase classname="tests.test_av_fields" name="test_books_endpoint_exposes_av_fields" time="0.527" /><testcase classname="tests.test_av_fields" name="test_clean_books_status" time="0.090" /><testcase classname="tests.test_av_fields" name="test_infected_book_status_and_signature" time="0.043" /><testcase classname="tests.test_av_fields" name="test_book_detail_endpoint_exposes_av_fields" time="0.048" /><testcase classname="tests.test_av_fields" name="test_rescan_persists_av_scanned_at" time="1.507" /></testsuite></testsuites>