<?xml version="1.0" encoding="utf-8"?><testsuites name="pytest tests"><testsuite name="pytest" errors="0" failures="0" skipped="0" tests="106" time="75.415" timestamp="2026-05-29T01:28:06.246681+00:00" hostname="agent-env-01392761-0b48-49c7-9559-b86dabbc1563"><testcase classname="tests.backend_test" name="test_root" time="0.134" /><testcase classname="tests.backend_test" name="test_me_no_auth" time="0.114" /><testcase classname="tests.backend_test" name="test_me_with_token" time="0.113" /><testcase classname="tests.backend_test" name="test_upload_hp" time="0.120" /><testcase classname="tests.backend_test" name="test_upload_nf" time="0.153" /><testcase classname="tests.backend_test" name="test_upload_twilight" time="0.167" /><testcase classname="tests.backend_test" name="test_list_books" time="0.122" /><testcase classname="tests.backend_test" name="test_filter_books" time="0.129" /><testcase classname="tests.backend_test" name="test_stats" time="0.104" /><testcase classname="tests.backend_test" name="test_get_book" time="0.113" /><testcase classname="tests.backend_test" name="test_cover_404" time="0.107" /><testcase classname="tests.backend_test" name="test_download" time="0.117" /><testcase classname="tests.backend_test" name="test_patch_book" time="0.223" /><testcase classname="tests.backend_test" name="test_reclassify_ai" time="1.810" /><testcase classname="tests.backend_test" name="test_export_zip" time="0.116" /><testcase classname="tests.backend_test" name="test_categories" time="0.429" /><testcase classname="tests.backend_test" name="test_delete_book" time="0.297" /><testcase classname="tests.test_digest.TestDigestSettingsGet" name="test_fresh_user_defaults" time="0.109" /><testcase classname="tests.test_digest.TestDigestSettingsPut" name="test_full_update_persists" time="0.282" /><testcase classname="tests.test_digest.TestDigestSettingsPut" name="test_partial_update_only_enabled" time="0.219" /><testcase classname="tests.test_digest.TestDigestSettingsPut" name="test_partial_update_only_hour" time="0.273" /><testcase classname="tests.test_digest.TestDigestSettingsPut" name="test_partial_update_only_day" time="0.228" /><testcase classname="tests.test_digest.TestDigestSettingsPut" name="test_invalid_day_of_week_7" time="0.121" /><testcase classname="tests.test_digest.TestDigestSettingsPut" name="test_invalid_day_of_week_negative" time="0.106" /><testcase classname="tests.test_digest.TestDigestSettingsPut" name="test_invalid_hour_24" time="0.123" /><testcase classname="tests.test_digest.TestDigestSettingsPut" name="test_requires_auth" time="0.119" /><testcase classname="tests.test_digest.TestDigestPreview" name="test_preview_returns_summary" time="0.110" /><testcase classname="tests.test_digest.TestDigestPreview" name="test_preview_requires_auth" time="0.108" /><testcase classname="tests.test_digest.TestSchedulerLog" name="test_scheduler_started_log_present" time="0.000" /><testcase classname="tests.test_digest.TestRegression" name="test_auth_me" time="0.108" /><testcase classname="tests.test_digest.TestRegression" name="test_auth_register_login_logout" time="0.819" /><testcase classname="tests.test_digest.TestRegression" name="test_auth_profile_put" time="0.225" /><testcase classname="tests.test_digest.TestRegression" name="test_books_list" time="0.108" /><testcase classname="tests.test_digest.TestRegression" name="test_stats_overview" time="0.104" /><testcase classname="tests.test_digest.TestRegression" name="test_stats_detailed" time="0.127" /><testcase classname="tests.test_digest.TestRegression" name="test_authors_list" time="0.105" /><testcase classname="tests.test_digest.TestRegression" name="test_series_list" time="0.106" /><testcase classname="tests.test_digest.TestRegression" name="test_bulk_metadata_empty" time="0.183" /><testcase classname="tests.test_digest.TestRegression" name="test_bulk_move_empty" time="0.120" /><testcase classname="tests.test_digest.TestRegression" name="test_bulk_delete_empty" time="0.117" /><testcase classname="tests.test_new_features.TestAuthors" name="test_list_authors" time="0.469" /><testcase classname="tests.test_new_features.TestAuthors" name="test_get_author_books" time="0.110" /><testcase classname="tests.test_new_features.TestAuthors" name="test_get_author_empty" time="0.162" /><testcase classname="tests.test_new_features.TestStatsDetailed" name="test_shape" time="0.104" /><testcase classname="tests.test_new_features.TestStatsDetailed" name="test_stats_overview_regression" time="0.107" /><testcase classname="tests.test_new_features.TestBulkMetadata" name="test_set_author_and_category" time="0.328" /><testcase classname="tests.test_new_features.TestBulkMetadata" name="test_clear_fandom" time="0.230" /><testcase classname="tests.test_new_features.TestBulkMetadata" name="test_assign_series" time="0.330" /><testcase classname="tests.test_new_features.TestBulkMetadata" name="test_clear_series" time="0.357" /><testcase classname="tests.test_new_features.TestBulkMetadata" name="test_title_prefix_strip" time="0.331" /><testcase classname="tests.test_new_features.TestBulkMetadata" name="test_empty_book_ids" time="0.107" /><testcase classname="tests.test_new_features.TestBulkMetadata" name="test_requires_auth" time="0.105" /><testcase classname="tests.test_new_features.TestAuthRegression" name="test_register_login_logout" time="0.872" /><testcase classname="tests.test_new_features.TestAuthRegression" name="test_login_invalid" time="0.116" /><testcase classname="tests.test_new_features.TestOtherRegression" name="test_refresh_status" time="0.141" /><testcase classname="tests.test_new_features.TestOtherRegression" name="test_series_list" time="0.109" /><testcase classname="tests.test_new_features.TestOtherRegression" name="test_bulk_move" time="0.221" /><testcase classname="tests.test_new_features.TestOtherRegression" name="test_source_url_patch" time="0.217" /><testcase classname="tests.test_new_features.TestOtherRegression" name="test_source_url_patch_invalid" time="0.111" /><testcase classname="tests.test_new_features.TestOtherRegression" name="test_bulk_delete" time="0.223" /><testcase classname="tests.test_year_in_books.TestYearInBooks" name="test_requires_auth" time="0.120" /><testcase classname="tests.test_year_in_books.TestYearInBooks" name="test_year_validation_low" time="0.219" /><testcase classname="tests.test_year_in_books.TestYearInBooks" name="test_year_validation_high" time="0.128" /><testcase classname="tests.test_year_in_books.TestYearInBooks" name="test_empty_user_returns_has_data_false" time="0.112" /><testcase classname="tests.test_year_in_books.TestYearInBooks" name="test_has_data_with_seeded_book" time="0.112" /><testcase classname="tests.test_year_in_books.TestYearInBooks" name="test_email_post_returns_delivered_false" time="0.109" /><testcase classname="tests.test_year_in_books.TestYearInBooks" name="test_email_requires_auth" time="0.106" /><testcase classname="tests.test_year_in_books.TestYearInBooks" name="test_email_year_validation" time="0.103" /><testcase classname="tests.test_year_in_books.TestRegressionEndpoints" name="test_auth_me_unauthenticated" time="0.116" /><testcase classname="tests.test_year_in_books.TestRegressionEndpoints" name="test_auth_me_with_token" time="0.098" /><testcase classname="tests.test_year_in_books.TestRegressionEndpoints" name="test_digest_settings_get" time="0.112" /><testcase classname="tests.test_year_in_books.TestRegressionEndpoints" name="test_digest_preview_post" time="0.114" /><testcase classname="tests.test_year_in_books.TestRegressionEndpoints" name="test_books_list" time="0.126" /><testcase classname="tests.test_year_in_books.TestRegressionEndpoints" name="test_stats_overview" time="0.115" /><testcase classname="tests.test_year_in_books.TestRegressionEndpoints" name="test_stats_detailed" time="0.112" /><testcase classname="tests.test_year_in_books.TestRegressionEndpoints" name="test_authors_list" time="0.107" /><testcase classname="tests.test_year_in_books.TestRegressionEndpoints" name="test_series_list" time="0.101" /><testcase classname="tests.test_year_in_books.TestRegressionEndpoints" name="test_bulk_metadata_requires_auth" time="0.117" /><testcase classname="tests.test_year_in_books.TestRegressionEndpoints" name="test_bulk_move_requires_auth" time="0.153" /><testcase classname="tests.test_year_in_books.TestRegressionEndpoints" name="test_bulk_delete_requires_auth" time="0.111" /><testcase classname="tests.test_year_in_books.TestRegressionEndpoints" name="test_register_login_logout_flow" time="0.766" /><testcase classname="tests.test_year_share.TestShareAuthRequired" name="test_get_share_requires_auth" time="0.127" /><testcase classname="tests.test_year_share.TestShareAuthRequired" name="test_post_share_requires_auth" time="0.107" /><testcase classname="tests.test_year_share.TestShareAuthRequired" name="test_delete_share_requires_auth" time="0.120" /><testcase classname="tests.test_year_share.TestShareYearValidation" name="test_get_year_low" time="0.101" /><testcase classname="tests.test_year_share.TestShareYearValidation" name="test_get_year_high" time="0.111" /><testcase classname="tests.test_year_share.TestShareYearValidation" name="test_post_year_low" time="0.127" /><testcase classname="tests.test_year_share.TestShareYearValidation" name="test_post_year_high" time="0.125" /><testcase classname="tests.test_year_share.TestShareYearValidation" name="test_delete_year_low" time="0.153" /><testcase classname="tests.test_year_share.TestShareLifecycle" name="test_initial_get_returns_shared_false" time="0.117" /><testcase classname="tests.test_year_share.TestShareLifecycle" name="test_post_creates_share" time="0.112" /><testcase classname="tests.test_year_share.TestShareLifecycle" name="test_post_is_idempotent" time="0.140" /><testcase classname="tests.test_year_share.TestShareLifecycle" name="test_get_share_returns_existing" time="0.115" /><testcase classname="tests.test_year_share.TestShareLifecycle" name="test_public_endpoint_no_auth_returns_payload" time="0.125" /><testcase classname="tests.test_year_share.TestShareLifecycle" name="test_view_count_increments" time="55.981" /><testcase classname="tests.test_year_share.TestShareLifecycle" name="test_public_endpoint_404_for_bad_token" time="0.126" /><testcase classname="tests.test_year_share.TestShareLifecycle" name="test_revoke_share" time="0.123" /><testcase classname="tests.test_year_share.TestShareLifecycle" name="test_get_after_revoke_returns_shared_false" time="0.108" /><testcase classname="tests.test_year_share.TestShareLifecycle" name="test_public_endpoint_404_after_revoke" time="0.107" /><testcase classname="tests.test_year_share.TestShareLifecycle" name="test_revoke_again_returns_false" time="0.105" /><testcase classname="tests.test_year_share.TestRegression" name="test_auth_me" time="0.130" /><testcase classname="tests.test_year_share.TestRegression" name="test_books_list" time="0.145" /><testcase classname="tests.test_year_share.TestRegression" name="test_stats_overview" time="0.123" /><testcase classname="tests.test_year_share.TestRegression" name="test_digest_settings" time="0.126" /><testcase classname="tests.test_year_share.TestRegression" name="test_year_in_books_get_still_works" time="0.136" /><testcase classname="tests.test_year_share.TestRegression" name="test_year_in_books_email_still_works" time="0.116" /></testsuite></testsuites>