<?xml version="1.0" encoding="utf-8"?><testsuites name="pytest tests"><testsuite name="pytest" errors="0" failures="0" skipped="0" tests="17" time="5.222" timestamp="2026-05-28T21:06:40.964919+00:00" hostname="agent-env-01392761-0b48-49c7-9559-b86dabbc1563"><testcase classname="backend.tests.backend_test" name="test_root" time="0.243" /><testcase classname="backend.tests.backend_test" name="test_me_no_auth" time="0.159" /><testcase classname="backend.tests.backend_test" name="test_me_with_token" time="0.186" /><testcase classname="backend.tests.backend_test" name="test_upload_hp" time="0.221" /><testcase classname="backend.tests.backend_test" name="test_upload_nf" time="0.191" /><testcase classname="backend.tests.backend_test" name="test_upload_twilight" time="0.119" /><testcase classname="backend.tests.backend_test" name="test_list_books" time="0.111" /><testcase classname="backend.tests.backend_test" name="test_filter_books" time="0.112" /><testcase classname="backend.tests.backend_test" name="test_stats" time="0.122" /><testcase classname="backend.tests.backend_test" name="test_get_book" time="0.133" /><testcase classname="backend.tests.backend_test" name="test_cover_404" time="0.110" /><testcase classname="backend.tests.backend_test" name="test_download" time="0.160" /><testcase classname="backend.tests.backend_test" name="test_patch_book" time="0.251" /><testcase classname="backend.tests.backend_test" name="test_reclassify_ai" time="2.092" /><testcase classname="backend.tests.backend_test" name="test_export_zip" time="0.115" /><testcase classname="backend.tests.backend_test" name="test_categories" time="0.471" /><testcase classname="backend.tests.backend_test" name="test_delete_book" time="0.241" /></testsuite></testsuites>