<?xml version="1.0" encoding="utf-8"?><testsuites name="pytest tests"><testsuite name="pytest" errors="0" failures="0" skipped="0" tests="4" time="4.771" timestamp="2026-06-18T12:15:12.902570+00:00" hostname="agent-env-01392761-0b48-49c7-9559-b86dabbc1563"><testcase classname="tests.test_iter26_reread_nudge" name="test_reread_nudge_fires_on_backward_jump" time="2.121" /><testcase classname="tests.test_iter26_reread_nudge" name="test_reread_nudge_idempotent_within_30d" time="2.102" /><testcase classname="tests.test_iter26_reread_nudge" name="test_pace_percentile_includes_projected_hours_field" time="0.046" /><testcase classname="tests.test_iter26_reread_nudge" name="test_aggregate_cursor_endpoint_shape" time="0.057" /></testsuite></testsuites>