<?xml version="1.0" encoding="utf-8"?><testsuites name="pytest tests"><testsuite name="pytest" errors="0" failures="0" skipped="0" tests="25" time="3.881" timestamp="2026-05-29T01:11:43.144855+00:00" hostname="agent-env-01392761-0b48-49c7-9559-b86dabbc1563"><testcase classname="backend.tests.test_year_share.TestShareAuthRequired" name="test_get_share_requires_auth" time="0.186" /><testcase classname="backend.tests.test_year_share.TestShareAuthRequired" name="test_post_share_requires_auth" time="0.118" /><testcase classname="backend.tests.test_year_share.TestShareAuthRequired" name="test_delete_share_requires_auth" time="0.118" /><testcase classname="backend.tests.test_year_share.TestShareYearValidation" name="test_get_year_low" time="0.119" /><testcase classname="backend.tests.test_year_share.TestShareYearValidation" name="test_get_year_high" time="0.112" /><testcase classname="backend.tests.test_year_share.TestShareYearValidation" name="test_post_year_low" time="0.123" /><testcase classname="backend.tests.test_year_share.TestShareYearValidation" name="test_post_year_high" time="0.113" /><testcase classname="backend.tests.test_year_share.TestShareYearValidation" name="test_delete_year_low" time="0.115" /><testcase classname="backend.tests.test_year_share.TestShareLifecycle" name="test_initial_get_returns_shared_false" time="0.150" /><testcase classname="backend.tests.test_year_share.TestShareLifecycle" name="test_post_creates_share" time="0.135" /><testcase classname="backend.tests.test_year_share.TestShareLifecycle" name="test_post_is_idempotent" time="0.118" /><testcase classname="backend.tests.test_year_share.TestShareLifecycle" name="test_get_share_returns_existing" time="0.130" /><testcase classname="backend.tests.test_year_share.TestShareLifecycle" name="test_public_endpoint_no_auth_returns_payload" time="0.136" /><testcase classname="backend.tests.test_year_share.TestShareLifecycle" name="test_view_count_increments" time="0.533" /><testcase classname="backend.tests.test_year_share.TestShareLifecycle" name="test_public_endpoint_404_for_bad_token" time="0.131" /><testcase classname="backend.tests.test_year_share.TestShareLifecycle" name="test_revoke_share" time="0.130" /><testcase classname="backend.tests.test_year_share.TestShareLifecycle" name="test_get_after_revoke_returns_shared_false" time="0.109" /><testcase classname="backend.tests.test_year_share.TestShareLifecycle" name="test_public_endpoint_404_after_revoke" time="0.122" /><testcase classname="backend.tests.test_year_share.TestShareLifecycle" name="test_revoke_again_returns_false" time="0.330" /><testcase classname="backend.tests.test_year_share.TestRegression" name="test_auth_me" time="0.112" /><testcase classname="backend.tests.test_year_share.TestRegression" name="test_books_list" time="0.120" /><testcase classname="backend.tests.test_year_share.TestRegression" name="test_stats_overview" time="0.117" /><testcase classname="backend.tests.test_year_share.TestRegression" name="test_digest_settings" time="0.111" /><testcase classname="backend.tests.test_year_share.TestRegression" name="test_year_in_books_get_still_works" time="0.111" /><testcase classname="backend.tests.test_year_share.TestRegression" name="test_year_in_books_email_still_works" time="0.114" /></testsuite></testsuites>