<?xml version="1.0" encoding="utf-8"?><testsuites name="pytest tests"><testsuite name="pytest" errors="0" failures="0" skipped="0" tests="13" time="1.348" timestamp="2026-06-18T02:44:17.863839+00:00" hostname="agent-env-01392761-0b48-49c7-9559-b86dabbc1563"><testcase classname="tests.test_iter22_review_sweep.TestPublicSurfaces" name="test_explore_covers_endpoint" time="0.181" /><testcase classname="tests.test_iter22_review_sweep.TestPublicSurfaces" name="test_single_cover_public" time="0.045" /><testcase classname="tests.test_iter22_review_sweep.TestPublicSurfaces" name="test_share_cover_html" time="0.049" /><testcase classname="tests.test_iter22_review_sweep.TestPublicSurfaces" name="test_share_user_html" time="0.047" /><testcase classname="tests.test_iter22_review_sweep.TestPublicSurfaces" name="test_sitemap" time="0.100" /><testcase classname="tests.test_iter22_review_sweep.TestAnonVote" name="test_anon_vote_then_unvote_persists_via_cookie" time="0.178" /><testcase classname="tests.test_iter22_review_sweep.TestAnalytics" name="test_view_anon" time="0.050" /><testcase classname="tests.test_iter22_review_sweep.TestAnalytics" name="test_public_stats" time="0.048" /><testcase classname="tests.test_iter22_review_sweep.TestAnalytics" name="test_admin_summary_forbidden_for_tester" time="0.378" /><testcase classname="tests.test_iter22_review_sweep.TestAnalytics" name="test_reading_privacy_toggle" time="0.047" /><testcase classname="tests.test_iter22_review_sweep.TestReadingAndRecs" name="test_stuck_books_endpoint" time="0.046" /><testcase classname="tests.test_iter22_review_sweep.TestReadingAndRecs" name="test_affinity_recommendations" time="0.047" /><testcase classname="tests.test_iter22_review_sweep.TestReadingAndRecs" name="test_push_vapid_public_key" time="0.049" /></testsuite></testsuites>