<?xml version="1.0" encoding="utf-8"?><testsuites name="pytest tests"><testsuite name="pytest" errors="0" failures="0" skipped="0" tests="22" time="5.726" timestamp="2026-06-14T02:25:50.398029+00:00" hostname="agent-env-01392761-0b48-49c7-9559-b86dabbc1563"><testcase classname="tests.test_recommendations.TestFriendRecommendations" name="test_unauth" time="0.200" /><testcase classname="tests.test_recommendations.TestFriendRecommendations" name="test_returns_only_sharing_friends_books" time="0.104" /><testcase classname="tests.test_recommendations.TestFriendRecommendations" name="test_already_owned_filtered" time="0.110" /><testcase classname="tests.test_recommendations.TestFriendRecommendations" name="test_grouping_multiple_friends" time="0.132" /><testcase classname="tests.test_recommendations.TestFriendRecommendations" name="test_ranking_finished_first" time="0.096" /><testcase classname="tests.test_recommendations.TestFriendRecommendations" name="test_dismiss_and_undismiss" time="0.667" /><testcase classname="tests.test_recommendations.TestFriendRecommendations" name="test_no_friends_returns_empty" time="0.121" /><testcase classname="tests.test_opds.TestCatalogCredentials" name="test_initial_state_disabled" time="0.100" /><testcase classname="tests.test_opds.TestCatalogCredentials" name="test_regenerate_returns_plaintext" time="0.330" /><testcase classname="tests.test_opds.TestCatalogCredentials" name="test_status_reflects_enable" time="0.104" /><testcase classname="tests.test_opds.TestCatalogCredentials" name="test_toggle_off_then_on" time="0.204" /><testcase classname="tests.test_opds.TestOpdsFeed" name="test_no_auth_401" time="0.101" /><testcase classname="tests.test_opds.TestOpdsFeed" name="test_wrong_password_401" time="0.333" /><testcase classname="tests.test_opds.TestOpdsFeed" name="test_root_navigation_feed" time="0.371" /><testcase classname="tests.test_opds.TestOpdsFeed" name="test_all_acquisition_feed" time="0.327" /><testcase classname="tests.test_opds.TestOpdsFeed" name="test_fandoms_nav" time="0.320" /><testcase classname="tests.test_opds.TestOpdsFeed" name="test_fandom_acquisition" time="0.324" /><testcase classname="tests.test_opds.TestOpdsFeed" name="test_authors_nav" time="0.322" /><testcase classname="tests.test_opds.TestOpdsFeed" name="test_download_streams_epub" time="0.324" /><testcase classname="tests.test_opds.TestOpdsFeed" name="test_cover_present" time="0.321" /><testcase classname="tests.test_opds.TestOpdsFeed" name="test_cover_missing_404" time="0.320" /><testcase classname="tests.test_opds.TestOpdsFeed" name="test_disabled_blocks_access" time="0.356" /></testsuite></testsuites>