<?xml version="1.0" encoding="utf-8"?><testsuites name="pytest tests"><testsuite name="pytest" errors="0" failures="0" skipped="0" tests="8" time="1.270" timestamp="2026-06-22T04:41:13.786024+00:00" hostname="agent-env-01392761-0b48-49c7-9559-b86dabbc1563"><testcase classname="tests.test_send_to_kindle_http" name="test_get_kindle_settings_defaults_empty" time="0.399" /><testcase classname="tests.test_send_to_kindle_http" name="test_put_kindle_settings_valid_persists" time="0.090" /><testcase classname="tests.test_send_to_kindle_http" name="test_put_kindle_settings_invalid_returns_400" time="0.044" /><testcase classname="tests.test_send_to_kindle_http" name="test_put_kindle_settings_empty_clears" time="0.216" /><testcase classname="tests.test_send_to_kindle_http" name="test_send_to_kindle_no_email_returns_400" time="0.047" /><testcase classname="tests.test_send_to_kindle_http" name="test_send_to_kindle_unknown_book_returns_404" time="0.092" /><testcase classname="tests.test_send_to_kindle_http" name="test_send_to_kindle_quarantined_returns_403" time="0.135" /><testcase classname="tests.test_send_to_kindle_http" name="test_send_to_kindle_rate_limit_returns_429" time="0.101" /></testsuite></testsuites>