<?xml version="1.0" encoding="utf-8"?><testsuites name="pytest tests"><testsuite name="pytest" errors="0" failures="0" skipped="0" tests="212" time="193.352" timestamp="2026-06-09T01:50:17.063991+00:00" hostname="agent-env-01392761-0b48-49c7-9559-b86dabbc1563"><testcase classname="tests.test_url_canonical.TestNormalizeFanficUrl" name="test_canonicalize[https://archiveofourown.org/works/12345-https://archiveofourown.org/works/12345]" time="0.035" /><testcase classname="tests.test_url_canonical.TestNormalizeFanficUrl" name="test_canonicalize[https://m.archiveofourown.org/works/12345?view_adult=true-https://archiveofourown.org/works/12345]" time="0.001" /><testcase classname="tests.test_url_canonical.TestNormalizeFanficUrl" name="test_canonicalize[http://archiveofourown.org/works/12345/chapters/67890-https://archiveofourown.org/works/12345]" time="0.001" /><testcase classname="tests.test_url_canonical.TestNormalizeFanficUrl" name="test_canonicalize[https://archiveofourown.gay/works/12345-https://archiveofourown.org/works/12345]" time="0.001" /><testcase classname="tests.test_url_canonical.TestNormalizeFanficUrl" name="test_canonicalize[https://ao3.org/works/12345-https://archiveofourown.org/works/12345]" time="0.001" /><testcase classname="tests.test_url_canonical.TestNormalizeFanficUrl" name="test_canonicalize[https://archive.transformativeworks.org/works/12345-https://archiveofourown.org/works/12345]" time="0.000" /><testcase classname="tests.test_url_canonical.TestNormalizeFanficUrl" name="test_canonicalize[https://archiveofourown.org/collections/SomeColl/works/12345-https://archiveofourown.org/works/12345]" time="0.001" /><testcase classname="tests.test_url_canonical.TestNormalizeFanficUrl" name="test_canonicalize[https://insecure.archiveofourown.org/works/12345-https://archiveofourown.org/works/12345]" time="0.000" /><testcase classname="tests.test_url_canonical.TestNormalizeFanficUrl" name="test_canonicalize[https://WWW.fanfiction.net/s/9876/1/Some-Title/-https://www.fanfiction.net/s/9876]" time="0.001" /><testcase classname="tests.test_url_canonical.TestNormalizeFanficUrl" name="test_canonicalize[https://www.fictionpress.com/s/4242/-https://www.fictionpress.com/s/4242]" time="0.000" /><testcase classname="tests.test_url_canonical.TestNormalizeFanficUrl" name="test_canonicalize[https://www.royalroad.com/fiction/12345/some-slug-https://www.royalroad.com/fiction/12345]" time="0.001" /><testcase classname="tests.test_url_canonical.TestNormalizeFanficUrl" name="test_canonicalize[https://forums.spacebattles.com/threads/My-Thread.111222/-https://forums.spacebattles.com/threads/my-thread.111222]" time="0.001" /><testcase classname="tests.test_url_canonical.TestNormalizeFanficUrl" name="test_canonicalize[https://forums.sufficientvelocity.com/threads/Slug.999/-https://forums.sufficientvelocity.com/threads/slug.999]" time="0.001" /><testcase classname="tests.test_url_canonical.TestNormalizeFanficUrl" name="test_canonicalize[https://forum.questionablequesting.com/threads/abc.111/-https://forum.questionablequesting.com/threads/abc.111]" time="0.001" /><testcase classname="tests.test_url_canonical.TestNormalizeFanficUrl" name="test_canonicalize[http://hp.adult-fanfiction.org/story.php?no=12345-https://www.adult-fanfiction.org/story.php?no=12345]" time="0.000" /><testcase classname="tests.test_url_canonical.TestNormalizeFanficUrl" name="test_canonicalize[https://potionsandsnitches.net/fanfiction/viewstory.php?sid=42-https://www.potionsandsnitches.org/fanfiction/viewstory.php?sid=42]" time="0.000" /><testcase classname="tests.test_url_canonical.TestNormalizeFanficUrl" name="test_canonicalize[https://twilighted.net/viewstory.php?sid=7-https://www.twilighted.net/viewstory.php?sid=7]" time="0.000" /><testcase classname="tests.test_url_canonical.TestNormalizeFanficUrl" name="test_rejects_non_fanfic[None]" time="0.000" /><testcase classname="tests.test_url_canonical.TestNormalizeFanficUrl" name="test_rejects_non_fanfic[]" time="0.000" /><testcase classname="tests.test_url_canonical.TestNormalizeFanficUrl" name="test_rejects_non_fanfic[not a url]" time="0.000" /><testcase classname="tests.test_url_canonical.TestNormalizeFanficUrl" name="test_rejects_non_fanfic[https://example.com/blog]" time="0.000" /><testcase classname="tests.test_url_canonical.TestNormalizeFanficUrl" name="test_rejects_non_fanfic[ftp://archiveofourown.org/works/1]" time="0.000" /><testcase classname="tests.test_url_canonical.TestNormalizeFanficUrl" name="test_rejects_non_fanfic[https://archiveofourown.org/users/me]" time="0.000" /><testcase classname="tests.test_url_canonical.TestNormalizeFanficUrl" name="test_alias" time="0.000" /><testcase classname="tests.test_url_canonical.TestAO3HostHelpers" name="test_is_ao3_host_positive[https://archiveofourown.org/works/1]" time="0.000" /><testcase classname="tests.test_url_canonical.TestAO3HostHelpers" name="test_is_ao3_host_positive[https://www.archiveofourown.org/users/me]" time="0.000" /><testcase classname="tests.test_url_canonical.TestAO3HostHelpers" name="test_is_ao3_host_positive[https://archiveofourown.com/works/1]" time="0.000" /><testcase classname="tests.test_url_canonical.TestAO3HostHelpers" name="test_is_ao3_host_positive[https://archiveofourown.gay/works/1]" time="0.000" /><testcase classname="tests.test_url_canonical.TestAO3HostHelpers" name="test_is_ao3_host_positive[https://ao3.org/works/1]" time="0.000" /><testcase classname="tests.test_url_canonical.TestAO3HostHelpers" name="test_is_ao3_host_positive[https://archive.transformativeworks.org/works/1]" time="0.000" /><testcase classname="tests.test_url_canonical.TestAO3HostHelpers" name="test_is_ao3_host_negative[]" time="0.000" /><testcase classname="tests.test_url_canonical.TestAO3HostHelpers" name="test_is_ao3_host_negative[https://fanfiction.net/s/1]" time="0.000" /><testcase classname="tests.test_url_canonical.TestAO3HostHelpers" name="test_is_ao3_host_negative[https://example.com]" time="0.000" /><testcase classname="tests.test_url_canonical.TestAO3HostHelpers" name="test_classify_ao3_series" time="0.000" /><testcase classname="tests.test_url_canonical.TestAO3HostHelpers" name="test_classify_ao3_collection" time="0.000" /><testcase classname="tests.test_url_canonical.TestAO3HostHelpers" name="test_classify_ao3_user" time="0.000" /><testcase classname="tests.test_url_canonical.TestAO3HostHelpers" name="test_classify_ao3_work_returns_none" time="0.000" /><testcase classname="tests.test_url_canonical.TestAO3HostHelpers" name="test_classify_non_ao3_returns_none" time="0.000" /><testcase classname="tests.test_url_canonical.TestSourceFor" name="test_label[https://archiveofourown.org/works/1-AO3]" time="0.000" /><testcase classname="tests.test_url_canonical.TestSourceFor" name="test_label[https://ao3.org/works/1-AO3]" time="0.000" /><testcase classname="tests.test_url_canonical.TestSourceFor" name="test_label[https://archive.transformativeworks.org/works/1-AO3]" time="0.000" /><testcase classname="tests.test_url_canonical.TestSourceFor" name="test_label[https://www.fanfiction.net/s/9876-FFnet]" time="0.000" /><testcase classname="tests.test_url_canonical.TestSourceFor" name="test_label[https://www.fictionpress.com/s/1-FictionPress]" time="0.000" /><testcase classname="tests.test_url_canonical.TestSourceFor" name="test_label[https://forums.spacebattles.com/threads/x.1-SpaceBattles]" time="0.000" /><testcase classname="tests.test_url_canonical.TestSourceFor" name="test_label[https://forums.sufficientvelocity.com/threads/x.1-SufficientVelocity]" time="0.000" /><testcase classname="tests.test_url_canonical.TestSourceFor" name="test_label[https://forum.questionablequesting.com/threads/x.1-QQ]" time="0.000" /><testcase classname="tests.test_url_canonical.TestSourceFor" name="test_label[https://www.royalroad.com/fiction/1-RoyalRoad]" time="0.000" /><testcase classname="tests.test_url_canonical.TestSourceFor" name="test_label[https://hp.adult-fanfiction.org/story.php?no=1-AFF]" time="0.000" /><testcase classname="tests.test_url_canonical.TestSourceFor" name="test_label[https://potionsandsnitches.org/fanfiction/viewstory.php?sid=1-Potions &amp; Snitches]" time="0.000" /><testcase classname="tests.test_url_canonical.TestSourceFor" name="test_label[https://twilighted.net/viewstory.php?sid=1-Twilighted]" time="0.000" /><testcase classname="tests.test_url_canonical.TestSourceFor" name="test_label[https://example.com-]" time="0.000" /><testcase classname="tests.test_url_canonical.TestSourceFor" name="test_label[-]" time="0.000" /><testcase classname="tests.test_url_canonical.TestLooksLikeUrlList" name="test_three_fanfic_urls" time="0.000" /><testcase classname="tests.test_url_canonical.TestLooksLikeUrlList" name="test_dominant_urls_threshold" time="0.000" /><testcase classname="tests.test_url_canonical.TestLooksLikeUrlList" name="test_single_url_rejects" time="0.000" /><testcase classname="tests.test_url_canonical.TestLooksLikeUrlList" name="test_urls_but_no_fanfic_source" time="0.000" /><testcase classname="tests.test_url_canonical.TestLooksLikeUrlList" name="test_empty_inputs[None]" time="0.000" /><testcase classname="tests.test_url_canonical.TestLooksLikeUrlList" name="test_empty_inputs[]" time="0.000" /><testcase classname="tests.test_url_canonical.TestLooksLikeUrlList" name="test_empty_inputs[tiny]" time="0.000" /><testcase classname="tests.test_url_canonical.TestCleanUrl" name="test_clean[https://archiveofourown.org/works/1.-https://archiveofourown.org/works/1]" time="0.000" /><testcase classname="tests.test_url_canonical.TestCleanUrl" name="test_clean[https://archiveofourown.org/works/1,-https://archiveofourown.org/works/1]" time="0.000" /><testcase classname="tests.test_url_canonical.TestCleanUrl" name="test_clean[https://archiveofourown.org/works/1)-https://archiveofourown.org/works/1]" time="0.000" /><testcase classname="tests.test_url_canonical.TestCleanUrl" name="test_clean[https://archiveofourown.org/works/1-https://archiveofourown.org/works/1]" time="0.000" /><testcase classname="tests.test_url_canonical.TestModuleSurface" name="test_url_regex_matches_http_and_www" time="0.000" /><testcase classname="tests.test_url_canonical.TestModuleSurface" name="test_url_re_matches_only_full_http" time="0.000" /><testcase classname="tests.test_url_canonical.TestModuleSurface" name="test_fanfic_source_patterns_present" time="0.000" /><testcase classname="tests.test_new_features.TestAuthors" name="test_list_authors" time="0.674" /><testcase classname="tests.test_new_features.TestAuthors" name="test_get_author_books" time="0.470" /><testcase classname="tests.test_new_features.TestAuthors" name="test_get_author_empty" time="0.127" /><testcase classname="tests.test_new_features.TestStatsDetailed" name="test_shape" time="0.129" /><testcase classname="tests.test_new_features.TestStatsDetailed" name="test_stats_overview_regression" time="0.130" /><testcase classname="tests.test_new_features.TestBulkMetadata" name="test_set_author_and_category" time="0.333" /><testcase classname="tests.test_new_features.TestBulkMetadata" name="test_clear_fandom" time="0.233" /><testcase classname="tests.test_new_features.TestBulkMetadata" name="test_assign_series" time="0.376" /><testcase classname="tests.test_new_features.TestBulkMetadata" name="test_clear_series" time="0.414" /><testcase classname="tests.test_new_features.TestBulkMetadata" name="test_title_prefix_strip" time="0.398" /><testcase classname="tests.test_new_features.TestBulkMetadata" name="test_empty_book_ids" time="0.119" /><testcase classname="tests.test_new_features.TestBulkMetadata" name="test_requires_auth" time="0.111" /><testcase classname="tests.test_new_features.TestAuthRegression" name="test_register_login_logout" time="0.880" /><testcase classname="tests.test_new_features.TestAuthRegression" name="test_login_invalid" time="0.153" /><testcase classname="tests.test_new_features.TestOtherRegression" name="test_refresh_status" time="0.151" /><testcase classname="tests.test_new_features.TestOtherRegression" name="test_series_list" time="0.138" /><testcase classname="tests.test_new_features.TestOtherRegression" name="test_bulk_move" time="0.214" /><testcase classname="tests.test_new_features.TestOtherRegression" name="test_source_url_patch" time="0.258" /><testcase classname="tests.test_new_features.TestOtherRegression" name="test_source_url_patch_invalid" time="0.122" /><testcase classname="tests.test_new_features.TestOtherRegression" name="test_bulk_delete" time="0.116" /><testcase classname="tests.test_new_features.TestStreakAndHeartbeat" name="test_streak_endpoint_default_zero" time="0.114" /><testcase classname="tests.test_new_features.TestStreakAndHeartbeat" name="test_heartbeat_adds_minutes" time="0.357" /><testcase classname="tests.test_new_features.TestStreakAndHeartbeat" name="test_heartbeat_404_for_unknown_book" time="0.100" /><testcase classname="tests.test_new_features.TestStreakAndHeartbeat" name="test_heartbeat_validates_seconds_range" time="0.238" /><testcase classname="tests.test_new_features.TestBookReadingStats" name="test_unread_book_returns_zero" time="0.119" /><testcase classname="tests.test_new_features.TestBookReadingStats" name="test_read_book_returns_aggregated" time="0.123" /><testcase classname="tests.test_new_features.TestBookReadingStats" name="test_404_for_unknown_book" time="0.111" /><testcase classname="tests.test_new_features.TestBookReadingStats" name="test_pace_estimate_gated_off_when_low_signal" time="0.334" /><testcase classname="tests.test_new_features.TestBookReadingStats" name="test_pace_estimate_computed_with_clamp" time="0.221" /><testcase classname="tests.test_new_features.TestStatsCsvExport" name="test_csv_export" time="0.111" /><testcase classname="tests.test_new_features.TestFFFOptions" name="test_defaults" time="0.109" /><testcase classname="tests.test_new_features.TestFFFOptions" name="test_toggle_persists" time="0.128" /><testcase classname="tests.test_new_features.TestFFFOptions" name="test_partial_update" time="0.112" /><testcase classname="tests.test_new_features.TestFFFOptions" name="test_requires_auth" time="0.118" /><testcase classname="tests.test_new_features.TestEpubTemplateApplier" name="test_template_injects_intro_and_marker" time="1.860" /><testcase classname="tests.test_new_features.TestEpubTemplateApplier" name="test_template_is_idempotent" time="0.001" /><testcase classname="tests.test_new_features.TestEpubTemplateApplier" name="test_template_returns_original_on_broken_input" time="0.000" /><testcase classname="tests.test_new_features.TestApplyTemplateToAll" name="test_sweep_endpoint" time="0.222" /><testcase classname="tests.test_new_features.TestApplyTemplateToAll" name="test_sweep_requires_auth" time="0.109" /><testcase classname="tests.test_new_features.TestTidyFilenames" name="test_templated_filename_helper" time="0.000" /><testcase classname="tests.test_new_features.TestTidyFilenames" name="test_tidy_sweep" time="0.263" /><testcase classname="tests.test_new_features.TestTidyFilenames" name="test_tidy_requires_auth" time="0.105" /><testcase classname="tests.test_new_features.TestTidyFilenames" name="test_download_filename_uses_template" time="0.107" /><testcase classname="tests.test_new_features.TestOnboardingPrompt" name="test_status_pending_when_books_exist" time="0.114" /><testcase classname="tests.test_new_features.TestOnboardingPrompt" name="test_status_not_pending_after_dismiss_decline" time="0.231" /><testcase classname="tests.test_new_features.TestOnboardingPrompt" name="test_dismiss_accept_runs_both_sweeps" time="0.426" /><testcase classname="tests.test_new_features.TestOnboardingPrompt" name="test_status_requires_auth" time="0.134" /><testcase classname="tests.test_new_features.TestUploadNewVersion" name="test_upload_creates_new_book_and_archives_old" time="0.261" /><testcase classname="tests.test_new_features.TestUploadNewVersion" name="test_blocks_upload_on_already_archived" time="0.124" /><testcase classname="tests.test_new_features.TestUploadNewVersion" name="test_upload_rejects_non_epub" time="0.117" /><testcase classname="tests.test_new_features.TestUploadNewVersion" name="test_upload_rejects_garbage_bytes" time="0.110" /><testcase classname="tests.test_new_features.TestUploadNewVersion" name="test_upload_404_for_unknown_book" time="1.181" /><testcase classname="tests.test_new_features.TestLinksExportByFolder" name="test_default_format_still_txt" time="0.158" /><testcase classname="tests.test_new_features.TestLinksExportByFolder" name="test_zip_format_returns_zip_with_one_txt_per_fandom" time="0.125" /><testcase classname="tests.test_new_features.TestLinksExportByFolder" name="test_zip_format_respects_fandom_filter" time="0.376" /><testcase classname="tests.test_new_features.TestLinksExportByFolder" name="test_xlsx_format_one_sheet_per_fandom" time="0.330" /><testcase classname="tests.test_new_features.TestLinksExportByFolder" name="test_xlsx_format_respects_fandom_filter" time="0.122" /><testcase classname="tests.test_new_features.TestWipeLibrary" name="test_wipe_requires_explicit_confirm" time="0.113" /><testcase classname="tests.test_new_features.TestWipeLibrary" name="test_wipe_clears_books_and_files" time="0.347" /><testcase classname="tests.test_new_features.TestWipeLibrary" name="test_wipe_requires_auth" time="0.129" /><testcase classname="tests.test_new_features.TestResetState" name="test_400_when_nothing_picked" time="0.111" /><testcase classname="tests.test_new_features.TestResetState" name="test_reset_progress_only" time="0.204" /><testcase classname="tests.test_new_features.TestResetState" name="test_reset_versions_collapses" time="0.155" /><testcase classname="tests.test_new_features.TestDuplicateDetection" name="test_title_match_triggers_duplicate_flag" time="3.943" /><testcase classname="tests.test_new_features.TestDuplicateDetection" name="test_shared_fanfic_url_triggers_duplicate_flag" time="3.425" /><testcase classname="tests.test_new_features.TestDuplicateDetection" name="test_resolve_keep_clears_flag" time="11.051" /><testcase classname="tests.test_new_features.TestDuplicateDetection" name="test_resolve_discard_moves_to_trash" time="3.471" /><testcase classname="tests.test_new_features.TestDuplicateDetection" name="test_resolve_new_version_archives_target" time="3.164" /><testcase classname="tests.test_new_features.TestDuplicateDetection" name="test_resolve_400_on_bad_action" time="3.212" /><testcase classname="tests.test_new_features.TestDuplicateDetection" name="test_cross_version_detection_against_archived" time="6.785" /><testcase classname="tests.test_new_features.TestDuplicateDetection" name="test_resolve_link_as_old_version" time="3.564" /><testcase classname="tests.test_new_features.TestFindDuplicatesInLibrary" name="test_no_duplicates_returns_empty_groups" time="1.789" /><testcase classname="tests.test_new_features.TestFindDuplicatesInLibrary" name="test_groups_books_by_title_and_url" time="14.633" /><testcase classname="tests.test_new_features.TestFindDuplicatesInLibrary" name="test_resolve_group_archives_and_discards" time="5.203" /><testcase classname="tests.test_new_features.TestFindDuplicatesInLibrary" name="test_resolve_group_rejects_archived_keeper" time="3.957" /><testcase classname="tests.test_new_features.TestFindDuplicatesInLibrary" name="test_resolve_group_rejects_unknown_keeper" time="0.120" /><testcase classname="tests.test_new_features.TestDuplicatesCount" name="test_count_empty_library" time="0.108" /><testcase classname="tests.test_new_features.TestDuplicatesCount" name="test_count_reflects_dupes" time="3.503" /><testcase classname="tests.test_new_features.TestDashboardLayout" name="test_default_order" time="0.106" /><testcase classname="tests.test_new_features.TestDashboardLayout" name="test_save_and_round_trip" time="0.234" /><testcase classname="tests.test_new_features.TestDashboardLayout" name="test_hidden_sections_round_trip" time="0.320" /><testcase classname="tests.test_new_features.TestDashboardLayout" name="test_hidden_rejects_unknown" time="0.119" /><testcase classname="tests.test_new_features.TestDashboardLayout" name="test_partial_order_pads_missing" time="0.109" /><testcase classname="tests.test_new_features.TestDashboardLayout" name="test_rejects_unknown_section" time="0.111" /><testcase classname="tests.test_new_features.TestDashboardLayout" name="test_rejects_duplicates" time="0.111" /><testcase classname="tests.test_new_features.TestDuplicatePolicy" name="test_default_policy_is_ask" time="0.146" /><testcase classname="tests.test_new_features.TestDuplicatePolicy" name="test_set_and_round_trip" time="0.358" /><testcase classname="tests.test_new_features.TestDuplicatePolicy" name="test_invalid_policy_rejected" time="0.139" /><testcase classname="tests.test_new_features.TestDuplicatePolicy" name="test_upload_with_discard_policy_soft_deletes" time="3.487" /><testcase classname="tests.test_new_features.TestDuplicatePolicy" name="test_upload_with_historical_policy_archives_new" time="3.615" /><testcase classname="tests.test_new_features.TestUndoResolve" name="test_undo_historical_restores_book" time="4.257" /><testcase classname="tests.test_new_features.TestUndoResolve" name="test_undo_new_version_restores_pair" time="3.524" /><testcase classname="tests.test_new_features.TestUndoResolve" name="test_undo_rejects_keep_both" time="4.045" /><testcase classname="tests.test_new_features.TestTrashShelf" name="test_list_trash" time="3.498" /><testcase classname="tests.test_new_features.TestTrashShelf" name="test_restore_from_trash" time="2.247" /><testcase classname="tests.test_new_features.TestTrashShelf" name="test_restore_404_when_not_trashed" time="1.873" /><testcase classname="tests.test_new_features.TestTrashShelf" name="test_empty_trash_hard_deletes" time="6.508" /><testcase classname="tests.test_new_features.TestTrashShelf" name="test_sweep_hard_deletes_expired" time="3.796" /><testcase classname="tests.test_new_features.TestTrashShelf" name="test_trashed_books_excluded_from_library_listing" time="7.768" /><testcase classname="tests.test_new_features.TestTrashShelf" name="test_bulk_delete_soft_deletes" time="4.025" /><testcase classname="tests.test_new_features.TestTrashShelf" name="test_restore_all_endpoint" time="7.990" /><testcase classname="tests.test_new_features.TestConversionsStatus" name="test_idle_status_is_zero" time="0.127" /><testcase classname="tests.test_new_features.TestConversionsStatus" name="test_finished_job_visible_for_4h" time="2.394" /><testcase classname="tests.test_new_features.TestConversionsStatus" name="test_retry_404_on_unknown_job" time="0.105" /><testcase classname="tests.test_new_features.TestConversionsStatus" name="test_retry_failed_job_succeeds" time="2.511" /><testcase classname="tests.test_new_features.TestRelationships" name="test_extract_relationships_from_dc_subject" time="1.743" /><testcase classname="tests.test_new_features.TestRelationships" name="test_canonical_ordering" time="4.611" /><testcase classname="tests.test_new_features.TestRelationships" name="test_listing_endpoint_and_filter" time="4.078" /><testcase classname="tests.test_new_features.TestRelationships" name="test_backfill_endpoint" time="1.675" /><testcase classname="tests.test_new_features.TestAo3UrlNormalization" name="test_ao3_variants_all_dedupe" time="0.106" /><testcase classname="tests.test_new_features.TestAo3UrlNormalization" name="test_ao3_new_urls_normalize_consistently" time="0.146" /><testcase classname="tests.test_new_features.TestAo3UrlNormalization" name="test_ao3_series_and_user_pages_bucketed_separately" time="0.125" /><testcase classname="tests.test_new_features.TestAo3UrlNormalization" name="test_dedupe_matches_legacy_stored_url" time="0.134" /><testcase classname="tests.test_new_features.TestAo3UrlNormalization" name="test_ffnet_and_royalroad_normalize" time="0.107" /><testcase classname="tests.test_new_features.TestAo3UrlNormalization" name="test_xlsx_export_includes_duplicates_sheet" time="0.154" /><testcase classname="tests.test_new_features.TestAo3UrlNormalization" name="test_xlsx_export_omits_duplicates_sheet_when_empty" time="0.118" /><testcase classname="tests.test_new_features.TestAo3UrlNormalization" name="test_upload_persists_source_url_and_fanfic_urls" time="0.264" /><testcase classname="tests.test_new_features.TestAo3UrlNormalization" name="test_dedupe_backfills_legacy_books_from_sidecar" time="0.148" /><testcase classname="tests.test_new_features.TestAo3UrlNormalization" name="test_ao3_alternate_hostnames_all_dedupe" time="0.110" /><testcase classname="tests.test_new_features.TestAo3UrlNormalization" name="test_ao3_mirrors_surfaced_in_response" time="0.108" /><testcase classname="tests.test_new_features.TestAo3UrlNormalization" name="test_ao3_mirrors_empty_when_only_canonical_host" time="0.122" /><testcase classname="tests.test_new_features.TestNoSilentAutoConvert" name="test_put_rejects_convert_value" time="0.103" /><testcase classname="tests.test_new_features.TestNoSilentAutoConvert" name="test_put_accepts_ask_and_skip" time="0.144" /><testcase classname="tests.test_new_features.TestNoSilentAutoConvert" name="test_get_coerces_legacy_convert_to_ask" time="0.122" /><testcase classname="tests.test_new_features.TestStargateFandoms" name="test_sg1_team_classifies_as_sg1" time="0.000" /><testcase classname="tests.test_new_features.TestStargateFandoms" name="test_atlantis_classifies_as_atlantis" time="0.000" /><testcase classname="tests.test_new_features.TestStargateFandoms" name="test_sgu_classifies_as_universe" time="0.000" /><testcase classname="tests.test_new_features.TestStargateFandoms" name="test_movie_classifies_as_movies" time="0.000" /><testcase classname="tests.test_new_features.TestStargateFandoms" name="test_bare_stargate_word_alone_does_not_match" time="0.000" /><testcase classname="tests.test_new_features.TestAo3TopFandomsSeed" name="test_seed_merged_and_increased_fandom_count" time="0.000" /><testcase classname="tests.test_new_features.TestAo3TopFandomsSeed" name="test_existing_short_names_preserved" time="0.000" /><testcase classname="tests.test_new_features.TestAo3TopFandomsSeed" name="test_sample_seeded_fandoms_classify_correctly" time="0.001" /><testcase classname="tests.test_new_features.TestFandomFranchiseGrouping" name="test_grouped_endpoint_returns_franchise_parents" time="0.112" /><testcase classname="tests.test_new_features.TestFandomFranchiseGrouping" name="test_grouped_rows_sorted_by_total_count" time="0.105" /><testcase classname="tests.test_new_features.TestFandomFranchiseGrouping" name="test_franchise_for_helper" time="0.002" /><testcase classname="tests.test_new_features.TestFichubFallbackAndUrlListPull" name="test_pull_endpoint_skips_already_owned" time="30.954" /><testcase classname="tests.test_new_features.TestFichubFallbackAndUrlListPull" name="test_pull_endpoint_empty_input" time="0.207" /><testcase classname="tests.test_new_features.TestFichubFallbackAndUrlListPull" name="test_pull_endpoint_only_unrecognized" time="0.127" /><testcase classname="tests.test_new_features.TestFichubFallbackAndUrlListPull" name="test_fff_options_persists_fichub_flag" time="0.356" /><testcase classname="tests.test_new_features.TestFichubFallbackAndUrlListPull" name="test_fallback_wrapper_uses_fichub_only_when_enabled" time="0.002" /><testcase classname="tests.test_new_features.TestEfictionSiteRecognition" name="test_aff_variants_canonicalize" time="0.000" /><testcase classname="tests.test_new_features.TestEfictionSiteRecognition" name="test_potions_and_snitches_variants_canonicalize" time="0.000" /><testcase classname="tests.test_new_features.TestEfictionSiteRecognition" name="test_twilighted_variants_canonicalize" time="0.000" /><testcase classname="tests.test_new_features.TestEfictionSiteRecognition" name="test_source_for_labels_new_sites" time="0.000" /><testcase classname="tests.test_new_features.TestEfictionSiteRecognition" name="test_dedupe_endpoint_recognizes_new_sites" time="0.115" /><testcase classname="tests.test_new_features.TestLinklessLibrary" name="test_linkless_returns_only_linkless_active_books" time="0.106" /></testsuite></testsuites>