<?xml version="1.0" encoding="utf-8"?><testsuites name="pytest tests"><testsuite name="pytest" errors="0" failures="0" skipped="1" tests="16" time="11.710" timestamp="2026-06-22T17:07:21.171710+00:00" hostname="agent-env-01392761-0b48-49c7-9559-b86dabbc1563"><testcase classname="tests.test_session_regression.TestChangelog" name="test_changelog_returns_entries" time="0.237" /><testcase classname="tests.test_session_regression.TestLlmKeyHealth" name="test_get_llm_key_health" time="0.054" /><testcase classname="tests.test_session_regression.TestLlmKeyHealth" name="test_put_balance_persists" time="0.099" /><testcase classname="tests.test_session_regression.TestInfraHealth" name="test_antivirus_status_up" time="0.082" /><testcase classname="tests.test_session_regression.TestInfraHealth" name="test_system_health_reports_calibre" time="0.045" /><testcase classname="tests.test_session_regression.TestWelcomeEmail" name="test_auto_approve_writes_welcome_log" time="0.740" /><testcase classname="tests.test_session_regression.TestWelcomeEmail" name="test_admin_approve_writes_welcome_approval" time="0.339" /><testcase classname="tests.test_session_regression.TestWelcomeEmail" name="test_admin_reject_writes_rejection" time="0.347" /><testcase classname="tests.test_session_regression.TestLlmUsageInstrumentation" name="test_classifier_logs_llm_usage" time="0.089"><skipped type="pytest.skip" message="no working classify endpoint (book file may be missing on disk — covered by test_llm_usage.py)">/app/backend/tests/test_session_regression.py:297: no working classify endpoint (book file may be missing on disk — covered by test_llm_usage.py)</skipped></testcase><testcase classname="tests.test_session_regression.TestLlmUsageInstrumentation" name="test_cover_regen_logs_llm_usage" time="8.776" /><testcase classname="tests.test_session_regression.TestFrontendReachable" name="test_page_returns_200[/login]" time="0.180" /><testcase classname="tests.test_session_regression.TestFrontendReachable" name="test_page_returns_200[/library]" time="0.133" /><testcase classname="tests.test_session_regression.TestFrontendReachable" name="test_page_returns_200[/admin]" time="0.116" /><testcase classname="tests.test_session_regression.TestFrontendReachable" name="test_page_returns_200[/help]" time="0.114" /><testcase classname="tests.test_session_regression.TestFrontendReachable" name="test_page_returns_200[/friends]" time="0.109" /><testcase classname="tests.test_session_regression.TestFrontendReachable" name="test_page_returns_200[/shelves]" time="0.099" /></testsuite></testsuites>